[2025-02-16T16:13:00.894+0000] {local_task_job_runner.py:120} INFO - ::group::Pre task execution logs
[2025-02-16T16:13:00.939+0000] {taskinstance.py:2076} INFO - Dependencies all met for dep_context=non-requeueable deps ti=<TaskInstance: nasa_apod_pipeline.create_table manual__2025-02-16T16:12:58.632286+00:00 [queued]>
[2025-02-16T16:13:00.949+0000] {taskinstance.py:2076} INFO - Dependencies all met for dep_context=requeueable deps ti=<TaskInstance: nasa_apod_pipeline.create_table manual__2025-02-16T16:12:58.632286+00:00 [queued]>
[2025-02-16T16:13:00.949+0000] {taskinstance.py:2306} INFO - Starting attempt 1 of 2
[2025-02-16T16:13:00.966+0000] {taskinstance.py:2330} INFO - Executing <Task(PostgresOperator): create_table> on 2025-02-16 16:12:58.632286+00:00
[2025-02-16T16:13:00.972+0000] {warnings.py:112} WARNING - /home/***/.local/lib/python3.12/site-packages/***/task/task_runner/standard_task_runner.py:61: DeprecationWarning: This process (pid=1812) is multi-threaded, use of fork() may lead to deadlocks in the child.
  pid = os.fork()

[2025-02-16T16:13:00.974+0000] {standard_task_runner.py:63} INFO - Started process 1827 to run task
[2025-02-16T16:13:00.978+0000] {standard_task_runner.py:90} INFO - Running: ['***', 'tasks', 'run', 'nasa_apod_pipeline', 'create_table', 'manual__2025-02-16T16:12:58.632286+00:00', '--job-id', '61', '--raw', '--subdir', 'DAGS_FOLDER/nasa_pipeline_dag.py', '--cfg-path', '/tmp/tmpg69gtwpo']
[2025-02-16T16:13:00.981+0000] {standard_task_runner.py:91} INFO - Job 61: Subtask create_table
[2025-02-16T16:13:01.031+0000] {task_command.py:426} INFO - Running <TaskInstance: nasa_apod_pipeline.create_table manual__2025-02-16T16:12:58.632286+00:00 [running]> on host dfa5576bf540
[2025-02-16T16:13:01.123+0000] {taskinstance.py:2648} INFO - Exporting env vars: AIRFLOW_CTX_DAG_OWNER='***' AIRFLOW_CTX_DAG_ID='nasa_apod_pipeline' AIRFLOW_CTX_TASK_ID='create_table' AIRFLOW_CTX_EXECUTION_DATE='2025-02-16T16:12:58.632286+00:00' AIRFLOW_CTX_TRY_NUMBER='1' AIRFLOW_CTX_DAG_RUN_ID='manual__2025-02-16T16:12:58.632286+00:00'
[2025-02-16T16:13:01.124+0000] {taskinstance.py:430} INFO - ::endgroup::
[2025-02-16T16:13:01.137+0000] {sql.py:276} INFO - Executing: 
        CREATE TABLE IF NOT EXISTS nasa_images (
            id SERIAL PRIMARY KEY,
            date TEXT,
            title TEXT,
            explanation TEXT,
            url TEXT,
            media_type TEXT
        );
        
[2025-02-16T16:13:01.146+0000] {base.py:84} INFO - Using connection ID 'postgres_nasa' for task execution.
[2025-02-16T16:13:01.153+0000] {base.py:84} INFO - Using connection ID 'postgres_nasa' for task execution.
[2025-02-16T16:13:01.157+0000] {sql.py:487} INFO - Running statement: 
        CREATE TABLE IF NOT EXISTS nasa_images (
            id SERIAL PRIMARY KEY,
            date TEXT,
            title TEXT,
            explanation TEXT,
            url TEXT,
            media_type TEXT
        );
        , parameters: None
[2025-02-16T16:13:01.158+0000] {taskinstance.py:441} INFO - ::group::Post task execution logs
[2025-02-16T16:13:01.167+0000] {taskinstance.py:1206} INFO - Marking task as SUCCESS. dag_id=nasa_apod_pipeline, task_id=create_table, run_id=manual__2025-02-16T16:12:58.632286+00:00, execution_date=20250216T161258, start_date=20250216T161300, end_date=20250216T161301
[2025-02-16T16:13:01.188+0000] {local_task_job_runner.py:240} INFO - Task exited with return code 0
[2025-02-16T16:13:01.198+0000] {warnings.py:112} WARNING - /home/***/.local/lib/python3.12/site-packages/***/models/baseoperator.py:1297: AirflowProviderDeprecationWarning: Call to deprecated class PostgresOperator. (Please use `***.providers.common.sql.operators.sql.SQLExecuteQueryOperator`.Also, you can provide `hook_params={'schema': <database>}`.)
  result = cls.__new__(cls)

[2025-02-16T16:13:01.211+0000] {taskinstance.py:3503} INFO - 0 downstream tasks scheduled from follow-on schedule check
[2025-02-16T16:13:01.213+0000] {local_task_job_runner.py:222} INFO - ::endgroup::
