[2025-02-16T16:02:19.644+0000] {local_task_job_runner.py:120} INFO - ::group::Pre task execution logs
[2025-02-16T16:02:19.666+0000] {taskinstance.py:2076} INFO - Dependencies all met for dep_context=non-requeueable deps ti=<TaskInstance: nasa_apod_pipeline.download_data scheduled__2025-02-15T12:00:00+00:00 [queued]>
[2025-02-16T16:02:19.673+0000] {taskinstance.py:2076} INFO - Dependencies all met for dep_context=requeueable deps ti=<TaskInstance: nasa_apod_pipeline.download_data scheduled__2025-02-15T12:00:00+00:00 [queued]>
[2025-02-16T16:02:19.674+0000] {taskinstance.py:2306} INFO - Starting attempt 1 of 2
[2025-02-16T16:02:19.688+0000] {taskinstance.py:2330} INFO - Executing <Task(PythonOperator): download_data> on 2025-02-15 12:00:00+00:00
[2025-02-16T16:02:19.696+0000] {warnings.py:112} WARNING - /home/***/.local/lib/python3.12/site-packages/***/task/task_runner/standard_task_runner.py:61: DeprecationWarning: This process (pid=1612) is multi-threaded, use of fork() may lead to deadlocks in the child.
  pid = os.fork()

[2025-02-16T16:02:19.698+0000] {standard_task_runner.py:63} INFO - Started process 1619 to run task
[2025-02-16T16:02:19.698+0000] {standard_task_runner.py:90} INFO - Running: ['***', 'tasks', 'run', 'nasa_apod_pipeline', 'download_data', 'scheduled__2025-02-15T12:00:00+00:00', '--job-id', '41', '--raw', '--subdir', 'DAGS_FOLDER/nasa_pipeline_dag.py', '--cfg-path', '/tmp/tmp7o071qj8']
[2025-02-16T16:02:19.700+0000] {standard_task_runner.py:91} INFO - Job 41: Subtask download_data
[2025-02-16T16:02:19.760+0000] {task_command.py:426} INFO - Running <TaskInstance: nasa_apod_pipeline.download_data scheduled__2025-02-15T12:00:00+00:00 [running]> on host dfa5576bf540
[2025-02-16T16:02:19.917+0000] {taskinstance.py:2648} INFO - Exporting env vars: AIRFLOW_CTX_DAG_OWNER='***' AIRFLOW_CTX_DAG_ID='nasa_apod_pipeline' AIRFLOW_CTX_TASK_ID='download_data' AIRFLOW_CTX_EXECUTION_DATE='2025-02-15T12:00:00+00:00' AIRFLOW_CTX_TRY_NUMBER='1' AIRFLOW_CTX_DAG_RUN_ID='scheduled__2025-02-15T12:00:00+00:00'
[2025-02-16T16:02:19.919+0000] {taskinstance.py:430} INFO - ::endgroup::
[2025-02-16T16:02:20.929+0000] {python.py:237} INFO - Done. Returned value was: None
[2025-02-16T16:02:20.930+0000] {taskinstance.py:441} INFO - ::group::Post task execution logs
[2025-02-16T16:02:20.940+0000] {taskinstance.py:1206} INFO - Marking task as SUCCESS. dag_id=nasa_apod_pipeline, task_id=download_data, run_id=scheduled__2025-02-15T12:00:00+00:00, execution_date=20250215T120000, start_date=20250216T160219, end_date=20250216T160220
[2025-02-16T16:02:20.983+0000] {local_task_job_runner.py:240} INFO - Task exited with return code 0
[2025-02-16T16:02:20.994+0000] {warnings.py:112} WARNING - /home/***/.local/lib/python3.12/site-packages/***/models/baseoperator.py:1297: AirflowProviderDeprecationWarning: Call to deprecated class PostgresOperator. (Please use `***.providers.common.sql.operators.sql.SQLExecuteQueryOperator`.Also, you can provide `hook_params={'schema': <database>}`.)
  result = cls.__new__(cls)

[2025-02-16T16:02:21.009+0000] {taskinstance.py:3503} INFO - 0 downstream tasks scheduled from follow-on schedule check
[2025-02-16T16:02:21.011+0000] {local_task_job_runner.py:222} INFO - ::endgroup::
[2025-02-16T16:06:21.958+0000] {local_task_job_runner.py:120} INFO - ::group::Pre task execution logs
[2025-02-16T16:06:21.978+0000] {taskinstance.py:2076} INFO - Dependencies all met for dep_context=non-requeueable deps ti=<TaskInstance: nasa_apod_pipeline.download_data scheduled__2025-02-15T12:00:00+00:00 [queued]>
[2025-02-16T16:06:21.985+0000] {taskinstance.py:2076} INFO - Dependencies all met for dep_context=requeueable deps ti=<TaskInstance: nasa_apod_pipeline.download_data scheduled__2025-02-15T12:00:00+00:00 [queued]>
[2025-02-16T16:06:21.986+0000] {taskinstance.py:2306} INFO - Starting attempt 1 of 2
[2025-02-16T16:06:21.998+0000] {taskinstance.py:2330} INFO - Executing <Task(PythonOperator): download_data> on 2025-02-15 12:00:00+00:00
[2025-02-16T16:06:22.004+0000] {warnings.py:112} WARNING - /home/***/.local/lib/python3.12/site-packages/***/task/task_runner/standard_task_runner.py:61: DeprecationWarning: This process (pid=1701) is multi-threaded, use of fork() may lead to deadlocks in the child.
  pid = os.fork()

[2025-02-16T16:06:22.006+0000] {standard_task_runner.py:63} INFO - Started process 1706 to run task
[2025-02-16T16:06:22.005+0000] {standard_task_runner.py:90} INFO - Running: ['***', 'tasks', 'run', 'nasa_apod_pipeline', 'download_data', 'scheduled__2025-02-15T12:00:00+00:00', '--job-id', '51', '--raw', '--subdir', 'DAGS_FOLDER/nasa_pipeline_dag.py', '--cfg-path', '/tmp/tmp5civi0ez']
[2025-02-16T16:06:22.008+0000] {standard_task_runner.py:91} INFO - Job 51: Subtask download_data
[2025-02-16T16:06:22.060+0000] {task_command.py:426} INFO - Running <TaskInstance: nasa_apod_pipeline.download_data scheduled__2025-02-15T12:00:00+00:00 [running]> on host dfa5576bf540
[2025-02-16T16:06:22.139+0000] {taskinstance.py:2648} INFO - Exporting env vars: AIRFLOW_CTX_DAG_OWNER='***' AIRFLOW_CTX_DAG_ID='nasa_apod_pipeline' AIRFLOW_CTX_TASK_ID='download_data' AIRFLOW_CTX_EXECUTION_DATE='2025-02-15T12:00:00+00:00' AIRFLOW_CTX_TRY_NUMBER='1' AIRFLOW_CTX_DAG_RUN_ID='scheduled__2025-02-15T12:00:00+00:00'
[2025-02-16T16:06:22.141+0000] {taskinstance.py:430} INFO - ::endgroup::
[2025-02-16T16:06:23.964+0000] {python.py:237} INFO - Done. Returned value was: None
[2025-02-16T16:06:23.965+0000] {taskinstance.py:441} INFO - ::group::Post task execution logs
[2025-02-16T16:06:23.974+0000] {taskinstance.py:1206} INFO - Marking task as SUCCESS. dag_id=nasa_apod_pipeline, task_id=download_data, run_id=scheduled__2025-02-15T12:00:00+00:00, execution_date=20250215T120000, start_date=20250216T160621, end_date=20250216T160623
[2025-02-16T16:06:24.027+0000] {local_task_job_runner.py:240} INFO - Task exited with return code 0
[2025-02-16T16:06:24.037+0000] {warnings.py:112} WARNING - /home/***/.local/lib/python3.12/site-packages/***/models/baseoperator.py:1297: AirflowProviderDeprecationWarning: Call to deprecated class PostgresOperator. (Please use `***.providers.common.sql.operators.sql.SQLExecuteQueryOperator`.Also, you can provide `hook_params={'schema': <database>}`.)
  result = cls.__new__(cls)

[2025-02-16T16:06:24.050+0000] {taskinstance.py:3503} INFO - 0 downstream tasks scheduled from follow-on schedule check
[2025-02-16T16:06:24.053+0000] {local_task_job_runner.py:222} INFO - ::endgroup::
[2025-02-16T16:13:00.723+0000] {local_task_job_runner.py:120} INFO - ::group::Pre task execution logs
[2025-02-16T16:13:00.789+0000] {taskinstance.py:2076} INFO - Dependencies all met for dep_context=non-requeueable deps ti=<TaskInstance: nasa_apod_pipeline.download_data scheduled__2025-02-15T12:00:00+00:00 [queued]>
[2025-02-16T16:13:00.806+0000] {taskinstance.py:2076} INFO - Dependencies all met for dep_context=requeueable deps ti=<TaskInstance: nasa_apod_pipeline.download_data scheduled__2025-02-15T12:00:00+00:00 [queued]>
[2025-02-16T16:13:00.806+0000] {taskinstance.py:2306} INFO - Starting attempt 1 of 2
[2025-02-16T16:13:00.823+0000] {taskinstance.py:2330} INFO - Executing <Task(PythonOperator): download_data> on 2025-02-15 12:00:00+00:00
[2025-02-16T16:13:00.833+0000] {warnings.py:112} WARNING - /home/***/.local/lib/python3.12/site-packages/***/task/task_runner/standard_task_runner.py:61: DeprecationWarning: This process (pid=1811) is multi-threaded, use of fork() may lead to deadlocks in the child.
  pid = os.fork()

[2025-02-16T16:13:00.835+0000] {standard_task_runner.py:63} INFO - Started process 1826 to run task
[2025-02-16T16:13:00.842+0000] {standard_task_runner.py:90} INFO - Running: ['***', 'tasks', 'run', 'nasa_apod_pipeline', 'download_data', 'scheduled__2025-02-15T12:00:00+00:00', '--job-id', '62', '--raw', '--subdir', 'DAGS_FOLDER/nasa_pipeline_dag.py', '--cfg-path', '/tmp/tmpjmb8noi_']
[2025-02-16T16:13:00.845+0000] {standard_task_runner.py:91} INFO - Job 62: Subtask download_data
[2025-02-16T16:13:00.935+0000] {task_command.py:426} INFO - Running <TaskInstance: nasa_apod_pipeline.download_data scheduled__2025-02-15T12:00:00+00:00 [running]> on host dfa5576bf540
[2025-02-16T16:13:01.025+0000] {taskinstance.py:2648} INFO - Exporting env vars: AIRFLOW_CTX_DAG_OWNER='***' AIRFLOW_CTX_DAG_ID='nasa_apod_pipeline' AIRFLOW_CTX_TASK_ID='download_data' AIRFLOW_CTX_EXECUTION_DATE='2025-02-15T12:00:00+00:00' AIRFLOW_CTX_TRY_NUMBER='1' AIRFLOW_CTX_DAG_RUN_ID='scheduled__2025-02-15T12:00:00+00:00'
[2025-02-16T16:13:01.026+0000] {taskinstance.py:430} INFO - ::endgroup::
[2025-02-16T16:13:02.333+0000] {python.py:237} INFO - Done. Returned value was: None
[2025-02-16T16:13:02.334+0000] {taskinstance.py:441} INFO - ::group::Post task execution logs
[2025-02-16T16:13:02.343+0000] {taskinstance.py:1206} INFO - Marking task as SUCCESS. dag_id=nasa_apod_pipeline, task_id=download_data, run_id=scheduled__2025-02-15T12:00:00+00:00, execution_date=20250215T120000, start_date=20250216T161300, end_date=20250216T161302
[2025-02-16T16:13:02.377+0000] {local_task_job_runner.py:240} INFO - Task exited with return code 0
[2025-02-16T16:13:02.387+0000] {warnings.py:112} WARNING - /home/***/.local/lib/python3.12/site-packages/***/models/baseoperator.py:1297: AirflowProviderDeprecationWarning: Call to deprecated class PostgresOperator. (Please use `***.providers.common.sql.operators.sql.SQLExecuteQueryOperator`.Also, you can provide `hook_params={'schema': <database>}`.)
  result = cls.__new__(cls)

[2025-02-16T16:13:02.401+0000] {taskinstance.py:3503} INFO - 1 downstream tasks scheduled from follow-on schedule check
[2025-02-16T16:13:02.443+0000] {local_task_job_runner.py:222} INFO - ::endgroup::
