[2025-02-16T16:12:37.424+0000] {local_task_job_runner.py:120} INFO - ::group::Pre task execution logs
[2025-02-16T16:12:37.443+0000] {taskinstance.py:2076} INFO - Dependencies all met for dep_context=non-requeueable deps ti=<TaskInstance: nasa_apod_pipeline.create_table manual__2025-02-16T16:12:35.540773+00:00 [queued]>
[2025-02-16T16:12:37.451+0000] {taskinstance.py:2076} INFO - Dependencies all met for dep_context=requeueable deps ti=<TaskInstance: nasa_apod_pipeline.create_table manual__2025-02-16T16:12:35.540773+00:00 [queued]>
[2025-02-16T16:12:37.451+0000] {taskinstance.py:2306} INFO - Starting attempt 1 of 2
[2025-02-16T16:12:37.464+0000] {taskinstance.py:2330} INFO - Executing <Task(PostgresOperator): create_table> on 2025-02-16 16:12:35.540773+00:00
[2025-02-16T16:12:37.469+0000] {warnings.py:112} WARNING - /home/***/.local/lib/python3.12/site-packages/***/task/task_runner/standard_task_runner.py:61: DeprecationWarning: This process (pid=1803) is multi-threaded, use of fork() may lead to deadlocks in the child.
  pid = os.fork()

[2025-02-16T16:12:37.471+0000] {standard_task_runner.py:63} INFO - Started process 1807 to run task
[2025-02-16T16:12:37.471+0000] {standard_task_runner.py:90} INFO - Running: ['***', 'tasks', 'run', 'nasa_apod_pipeline', 'create_table', 'manual__2025-02-16T16:12:35.540773+00:00', '--job-id', '57', '--raw', '--subdir', 'DAGS_FOLDER/nasa_pipeline_dag.py', '--cfg-path', '/tmp/tmpgeg8yo7l']
[2025-02-16T16:12:37.473+0000] {standard_task_runner.py:91} INFO - Job 57: Subtask create_table
[2025-02-16T16:12:37.516+0000] {task_command.py:426} INFO - Running <TaskInstance: nasa_apod_pipeline.create_table manual__2025-02-16T16:12:35.540773+00:00 [running]> on host dfa5576bf540
[2025-02-16T16:12:37.592+0000] {taskinstance.py:2648} INFO - Exporting env vars: AIRFLOW_CTX_DAG_OWNER='***' AIRFLOW_CTX_DAG_ID='nasa_apod_pipeline' AIRFLOW_CTX_TASK_ID='create_table' AIRFLOW_CTX_EXECUTION_DATE='2025-02-16T16:12:35.540773+00:00' AIRFLOW_CTX_TRY_NUMBER='1' AIRFLOW_CTX_DAG_RUN_ID='manual__2025-02-16T16:12:35.540773+00:00'
[2025-02-16T16:12:37.593+0000] {taskinstance.py:430} INFO - ::endgroup::
[2025-02-16T16:12:37.605+0000] {sql.py:276} INFO - Executing: 
        CREATE TABLE IF NOT EXISTS nasa_images (
            id SERIAL PRIMARY KEY,
            date TEXT,
            title TEXT,
            explanation TEXT,
            url TEXT,
            media_type TEXT
        );
        
[2025-02-16T16:12:37.613+0000] {base.py:84} INFO - Using connection ID 'postgres_nasa' for task execution.
[2025-02-16T16:12:37.619+0000] {base.py:84} INFO - Using connection ID 'postgres_nasa' for task execution.
[2025-02-16T16:12:37.623+0000] {sql.py:487} INFO - Running statement: 
        CREATE TABLE IF NOT EXISTS nasa_images (
            id SERIAL PRIMARY KEY,
            date TEXT,
            title TEXT,
            explanation TEXT,
            url TEXT,
            media_type TEXT
        );
        , parameters: None
[2025-02-16T16:12:37.639+0000] {taskinstance.py:441} INFO - ::group::Post task execution logs
[2025-02-16T16:12:37.647+0000] {taskinstance.py:1206} INFO - Marking task as SUCCESS. dag_id=nasa_apod_pipeline, task_id=create_table, run_id=manual__2025-02-16T16:12:35.540773+00:00, execution_date=20250216T161235, start_date=20250216T161237, end_date=20250216T161237
[2025-02-16T16:12:37.685+0000] {local_task_job_runner.py:240} INFO - Task exited with return code 0
[2025-02-16T16:12:37.694+0000] {warnings.py:112} WARNING - /home/***/.local/lib/python3.12/site-packages/***/models/baseoperator.py:1297: AirflowProviderDeprecationWarning: Call to deprecated class PostgresOperator. (Please use `***.providers.common.sql.operators.sql.SQLExecuteQueryOperator`.Also, you can provide `hook_params={'schema': <database>}`.)
  result = cls.__new__(cls)

[2025-02-16T16:12:37.706+0000] {taskinstance.py:3503} INFO - 0 downstream tasks scheduled from follow-on schedule check
[2025-02-16T16:12:37.709+0000] {local_task_job_runner.py:222} INFO - ::endgroup::
