[2025-02-16T16:12:37.423+0000] {local_task_job_runner.py:120} INFO - ::group::Pre task execution logs
[2025-02-16T16:12:37.443+0000] {taskinstance.py:2076} INFO - Dependencies all met for dep_context=non-requeueable deps ti=<TaskInstance: nasa_apod_pipeline.download_data manual__2025-02-16T16:12:35.540773+00:00 [queued]>
[2025-02-16T16:12:37.451+0000] {taskinstance.py:2076} INFO - Dependencies all met for dep_context=requeueable deps ti=<TaskInstance: nasa_apod_pipeline.download_data manual__2025-02-16T16:12:35.540773+00:00 [queued]>
[2025-02-16T16:12:37.451+0000] {taskinstance.py:2306} INFO - Starting attempt 1 of 2
[2025-02-16T16:12:37.465+0000] {taskinstance.py:2330} INFO - Executing <Task(PythonOperator): download_data> on 2025-02-16 16:12:35.540773+00:00
[2025-02-16T16:12:37.470+0000] {warnings.py:112} WARNING - /home/***/.local/lib/python3.12/site-packages/***/task/task_runner/standard_task_runner.py:61: DeprecationWarning: This process (pid=1804) is multi-threaded, use of fork() may lead to deadlocks in the child.
  pid = os.fork()

[2025-02-16T16:12:37.472+0000] {standard_task_runner.py:63} INFO - Started process 1808 to run task
[2025-02-16T16:12:37.472+0000] {standard_task_runner.py:90} INFO - Running: ['***', 'tasks', 'run', 'nasa_apod_pipeline', 'download_data', 'manual__2025-02-16T16:12:35.540773+00:00', '--job-id', '58', '--raw', '--subdir', 'DAGS_FOLDER/nasa_pipeline_dag.py', '--cfg-path', '/tmp/tmpesbn94kn']
[2025-02-16T16:12:37.475+0000] {standard_task_runner.py:91} INFO - Job 58: Subtask download_data
[2025-02-16T16:12:37.516+0000] {task_command.py:426} INFO - Running <TaskInstance: nasa_apod_pipeline.download_data manual__2025-02-16T16:12:35.540773+00:00 [running]> on host dfa5576bf540
[2025-02-16T16:12:37.591+0000] {taskinstance.py:2648} INFO - Exporting env vars: AIRFLOW_CTX_DAG_OWNER='***' AIRFLOW_CTX_DAG_ID='nasa_apod_pipeline' AIRFLOW_CTX_TASK_ID='download_data' AIRFLOW_CTX_EXECUTION_DATE='2025-02-16T16:12:35.540773+00:00' AIRFLOW_CTX_TRY_NUMBER='1' AIRFLOW_CTX_DAG_RUN_ID='manual__2025-02-16T16:12:35.540773+00:00'
[2025-02-16T16:12:37.592+0000] {taskinstance.py:430} INFO - ::endgroup::
[2025-02-16T16:12:38.954+0000] {python.py:237} INFO - Done. Returned value was: None
[2025-02-16T16:12:38.955+0000] {taskinstance.py:441} INFO - ::group::Post task execution logs
[2025-02-16T16:12:38.964+0000] {taskinstance.py:1206} INFO - Marking task as SUCCESS. dag_id=nasa_apod_pipeline, task_id=download_data, run_id=manual__2025-02-16T16:12:35.540773+00:00, execution_date=20250216T161235, start_date=20250216T161237, end_date=20250216T161238
[2025-02-16T16:12:39.012+0000] {local_task_job_runner.py:240} INFO - Task exited with return code 0
[2025-02-16T16:12:39.022+0000] {warnings.py:112} WARNING - /home/***/.local/lib/python3.12/site-packages/***/models/baseoperator.py:1297: AirflowProviderDeprecationWarning: Call to deprecated class PostgresOperator. (Please use `***.providers.common.sql.operators.sql.SQLExecuteQueryOperator`.Also, you can provide `hook_params={'schema': <database>}`.)
  result = cls.__new__(cls)

[2025-02-16T16:12:39.036+0000] {taskinstance.py:3503} INFO - 1 downstream tasks scheduled from follow-on schedule check
[2025-02-16T16:12:39.039+0000] {local_task_job_runner.py:222} INFO - ::endgroup::
