[2025-02-16T15:29:16.478+0000] {local_task_job_runner.py:120} INFO - ::group::Pre task execution logs
[2025-02-16T15:29:16.497+0000] {taskinstance.py:2076} INFO - Dependencies all met for dep_context=non-requeueable deps ti=<TaskInstance: weather_data_pipeline_dag.create_weather_table manual__2025-02-16T15:29:14.914477+00:00 [queued]>
[2025-02-16T15:29:16.504+0000] {taskinstance.py:2076} INFO - Dependencies all met for dep_context=requeueable deps ti=<TaskInstance: weather_data_pipeline_dag.create_weather_table manual__2025-02-16T15:29:14.914477+00:00 [queued]>
[2025-02-16T15:29:16.505+0000] {taskinstance.py:2306} INFO - Starting attempt 1 of 2
[2025-02-16T15:29:16.518+0000] {taskinstance.py:2330} INFO - Executing <Task(PostgresOperator): create_weather_table> on 2025-02-16 15:29:14.914477+00:00
[2025-02-16T15:29:16.524+0000] {warnings.py:112} WARNING - /home/***/.local/lib/python3.12/site-packages/***/task/task_runner/standard_task_runner.py:61: DeprecationWarning: This process (pid=1161) is multi-threaded, use of fork() may lead to deadlocks in the child.
  pid = os.fork()

[2025-02-16T15:29:16.526+0000] {standard_task_runner.py:63} INFO - Started process 1165 to run task
[2025-02-16T15:29:16.526+0000] {standard_task_runner.py:90} INFO - Running: ['***', 'tasks', 'run', 'weather_data_pipeline_dag', 'create_weather_table', 'manual__2025-02-16T15:29:14.914477+00:00', '--job-id', '34', '--raw', '--subdir', 'DAGS_FOLDER/weather_data_pipeline_dag.py', '--cfg-path', '/tmp/tmpvpemcakf']
[2025-02-16T15:29:16.529+0000] {standard_task_runner.py:91} INFO - Job 34: Subtask create_weather_table
[2025-02-16T15:29:16.570+0000] {task_command.py:426} INFO - Running <TaskInstance: weather_data_pipeline_dag.create_weather_table manual__2025-02-16T15:29:14.914477+00:00 [running]> on host dfa5576bf540
[2025-02-16T15:29:16.649+0000] {taskinstance.py:2648} INFO - Exporting env vars: AIRFLOW_CTX_DAG_OWNER='***' AIRFLOW_CTX_DAG_ID='weather_data_pipeline_dag' AIRFLOW_CTX_TASK_ID='create_weather_table' AIRFLOW_CTX_EXECUTION_DATE='2025-02-16T15:29:14.914477+00:00' AIRFLOW_CTX_TRY_NUMBER='1' AIRFLOW_CTX_DAG_RUN_ID='manual__2025-02-16T15:29:14.914477+00:00'
[2025-02-16T15:29:16.650+0000] {taskinstance.py:430} INFO - ::endgroup::
[2025-02-16T15:29:16.662+0000] {sql.py:276} INFO - Executing: 
        CREATE TABLE IF NOT EXISTS weather_data (
            base VARCHAR(255), visibility INT, dt INT, timezone INT, id INT, name VARCHAR(255), cod INT,
            coord_lon DECIMAL(10,8), coord_lat DECIMAL(10,8), main_temp DECIMAL(10,2), main_feels_like DECIMAL(10,2),
            main_temp_min DECIMAL(10,2), main_temp_max DECIMAL(10,2), main_pressure INT, main_humidity INT,
            main_sea_level INT, main_grnd_level INT, wind_speed DECIMAL(10,2), wind_deg INT, clouds_all INT,
            sys_type VARCHAR(255), sys_id INT, sys_country VARCHAR(255), sys_sunrise INT, sys_sunset INT,
            weather_id INT, weather_main VARCHAR(255), weather_description VARCHAR(255), weather_icon VARCHAR(255)
        );
        
[2025-02-16T15:29:16.672+0000] {base.py:84} INFO - Using connection ID 'postgres_weather' for task execution.
[2025-02-16T15:29:16.680+0000] {base.py:84} INFO - Using connection ID 'postgres_weather' for task execution.
[2025-02-16T15:29:16.684+0000] {sql.py:487} INFO - Running statement: 
        CREATE TABLE IF NOT EXISTS weather_data (
            base VARCHAR(255), visibility INT, dt INT, timezone INT, id INT, name VARCHAR(255), cod INT,
            coord_lon DECIMAL(10,8), coord_lat DECIMAL(10,8), main_temp DECIMAL(10,2), main_feels_like DECIMAL(10,2),
            main_temp_min DECIMAL(10,2), main_temp_max DECIMAL(10,2), main_pressure INT, main_humidity INT,
            main_sea_level INT, main_grnd_level INT, wind_speed DECIMAL(10,2), wind_deg INT, clouds_all INT,
            sys_type VARCHAR(255), sys_id INT, sys_country VARCHAR(255), sys_sunrise INT, sys_sunset INT,
            weather_id INT, weather_main VARCHAR(255), weather_description VARCHAR(255), weather_icon VARCHAR(255)
        );
        , parameters: None
[2025-02-16T15:29:16.686+0000] {taskinstance.py:441} INFO - ::group::Post task execution logs
[2025-02-16T15:29:16.694+0000] {taskinstance.py:1206} INFO - Marking task as SUCCESS. dag_id=weather_data_pipeline_dag, task_id=create_weather_table, run_id=manual__2025-02-16T15:29:14.914477+00:00, execution_date=20250216T152914, start_date=20250216T152916, end_date=20250216T152916
[2025-02-16T15:29:16.740+0000] {local_task_job_runner.py:240} INFO - Task exited with return code 0
[2025-02-16T15:29:16.750+0000] {warnings.py:112} WARNING - /home/***/.local/lib/python3.12/site-packages/***/models/baseoperator.py:1297: AirflowProviderDeprecationWarning: Call to deprecated class PostgresOperator. (Please use `***.providers.common.sql.operators.sql.SQLExecuteQueryOperator`.Also, you can provide `hook_params={'schema': <database>}`.)
  result = cls.__new__(cls)

[2025-02-16T15:29:16.762+0000] {taskinstance.py:3503} INFO - 0 downstream tasks scheduled from follow-on schedule check
[2025-02-16T15:29:16.764+0000] {local_task_job_runner.py:222} INFO - ::endgroup::
