[2025-02-16T16:04:14.605+0000] {local_task_job_runner.py:120} INFO - ::group::Pre task execution logs
[2025-02-16T16:04:14.626+0000] {taskinstance.py:2076} INFO - Dependencies all met for dep_context=non-requeueable deps ti=<TaskInstance: nasa_apod_pipeline.create_table manual__2025-02-16T16:04:12.887397+00:00 [queued]>
[2025-02-16T16:04:14.635+0000] {taskinstance.py:2076} INFO - Dependencies all met for dep_context=requeueable deps ti=<TaskInstance: nasa_apod_pipeline.create_table manual__2025-02-16T16:04:12.887397+00:00 [queued]>
[2025-02-16T16:04:14.635+0000] {taskinstance.py:2306} INFO - Starting attempt 1 of 2
[2025-02-16T16:04:14.650+0000] {taskinstance.py:2330} INFO - Executing <Task(PostgresOperator): create_table> on 2025-02-16 16:04:12.887397+00:00
[2025-02-16T16:04:14.656+0000] {warnings.py:112} WARNING - /home/***/.local/lib/python3.12/site-packages/***/task/task_runner/standard_task_runner.py:61: DeprecationWarning: This process (pid=1656) is multi-threaded, use of fork() may lead to deadlocks in the child.
  pid = os.fork()

[2025-02-16T16:04:14.658+0000] {standard_task_runner.py:63} INFO - Started process 1659 to run task
[2025-02-16T16:04:14.658+0000] {standard_task_runner.py:90} INFO - Running: ['***', 'tasks', 'run', 'nasa_apod_pipeline', 'create_table', 'manual__2025-02-16T16:04:12.887397+00:00', '--job-id', '45', '--raw', '--subdir', 'DAGS_FOLDER/nasa_pipeline_dag.py', '--cfg-path', '/tmp/tmpxek_17db']
[2025-02-16T16:04:14.661+0000] {standard_task_runner.py:91} INFO - Job 45: Subtask create_table
[2025-02-16T16:04:14.706+0000] {task_command.py:426} INFO - Running <TaskInstance: nasa_apod_pipeline.create_table manual__2025-02-16T16:04:12.887397+00:00 [running]> on host dfa5576bf540
[2025-02-16T16:04:14.782+0000] {taskinstance.py:2648} INFO - Exporting env vars: AIRFLOW_CTX_DAG_OWNER='***' AIRFLOW_CTX_DAG_ID='nasa_apod_pipeline' AIRFLOW_CTX_TASK_ID='create_table' AIRFLOW_CTX_EXECUTION_DATE='2025-02-16T16:04:12.887397+00:00' AIRFLOW_CTX_TRY_NUMBER='1' AIRFLOW_CTX_DAG_RUN_ID='manual__2025-02-16T16:04:12.887397+00:00'
[2025-02-16T16:04:14.784+0000] {taskinstance.py:430} INFO - ::endgroup::
[2025-02-16T16:04:14.795+0000] {sql.py:276} INFO - Executing: 
        CREATE TABLE IF NOT EXISTS nasa_images (
            id SERIAL PRIMARY KEY,
            date TEXT,
            title TEXT,
            explanation TEXT,
            url TEXT,
            media_type TEXT
        );
        
[2025-02-16T16:04:14.803+0000] {base.py:84} INFO - Using connection ID 'postgres_nasa' for task execution.
[2025-02-16T16:04:14.811+0000] {base.py:84} INFO - Using connection ID 'postgres_nasa' for task execution.
[2025-02-16T16:04:18.533+0000] {taskinstance.py:441} INFO - ::group::Post task execution logs
[2025-02-16T16:04:18.534+0000] {taskinstance.py:2905} ERROR - Task failed with exception
Traceback (most recent call last):
  File "/home/airflow/.local/lib/python3.12/site-packages/airflow/models/taskinstance.py", line 465, in _execute_task
    result = _execute_callable(context=context, **execute_callable_kwargs)
             ^^^^^^^^^^^^^^^^^^^^^^^^^^^^^^^^^^^^^^^^^^^^^^^^^^^^^^^^^^^^^
  File "/home/airflow/.local/lib/python3.12/site-packages/airflow/models/taskinstance.py", line 432, in _execute_callable
    return execute_callable(context=context, **execute_callable_kwargs)
           ^^^^^^^^^^^^^^^^^^^^^^^^^^^^^^^^^^^^^^^^^^^^^^^^^^^^^^^^^^^^
  File "/home/airflow/.local/lib/python3.12/site-packages/airflow/models/baseoperator.py", line 401, in wrapper
    return func(self, *args, **kwargs)
           ^^^^^^^^^^^^^^^^^^^^^^^^^^^
  File "/home/airflow/.local/lib/python3.12/site-packages/airflow/providers/common/sql/operators/sql.py", line 282, in execute
    output = hook.run(
             ^^^^^^^^^
  File "/home/airflow/.local/lib/python3.12/site-packages/airflow/providers/common/sql/hooks/sql.py", line 431, in run
    with self._create_autocommit_connection(autocommit) as conn:
  File "/usr/local/lib/python3.12/contextlib.py", line 137, in __enter__
    return next(self.gen)
           ^^^^^^^^^^^^^^
  File "/home/airflow/.local/lib/python3.12/site-packages/airflow/providers/common/sql/hooks/sql.py", line 551, in _create_autocommit_connection
    with closing(self.get_conn()) as conn:
                 ^^^^^^^^^^^^^^^
  File "/home/airflow/.local/lib/python3.12/site-packages/airflow/providers/postgres/hooks/postgres.py", line 175, in get_conn
    self.conn = psycopg2.connect(**conn_args)
                ^^^^^^^^^^^^^^^^^^^^^^^^^^^^^
  File "/home/airflow/.local/lib/python3.12/site-packages/psycopg2/__init__.py", line 122, in connect
    conn = _connect(dsn, connection_factory=connection_factory, **kwasync)
           ^^^^^^^^^^^^^^^^^^^^^^^^^^^^^^^^^^^^^^^^^^^^^^^^^^^^^^^^^^^^^^^
psycopg2.OperationalError: could not translate host name "posgres" to address: Name or service not known

[2025-02-16T16:04:18.544+0000] {taskinstance.py:1206} INFO - Marking task as UP_FOR_RETRY. dag_id=nasa_apod_pipeline, task_id=create_table, run_id=manual__2025-02-16T16:04:12.887397+00:00, execution_date=20250216T160412, start_date=20250216T160414, end_date=20250216T160418
[2025-02-16T16:04:18.557+0000] {standard_task_runner.py:110} ERROR - Failed to execute job 45 for task create_table (could not translate host name "posgres" to address: Name or service not known
; 1659)
[2025-02-16T16:04:18.571+0000] {local_task_job_runner.py:240} INFO - Task exited with return code 1
[2025-02-16T16:04:18.581+0000] {warnings.py:112} WARNING - /home/***/.local/lib/python3.12/site-packages/***/models/baseoperator.py:1297: AirflowProviderDeprecationWarning: Call to deprecated class PostgresOperator. (Please use `***.providers.common.sql.operators.sql.SQLExecuteQueryOperator`.Also, you can provide `hook_params={'schema': <database>}`.)
  result = cls.__new__(cls)

[2025-02-16T16:04:18.593+0000] {taskinstance.py:3503} INFO - 0 downstream tasks scheduled from follow-on schedule check
[2025-02-16T16:04:18.595+0000] {local_task_job_runner.py:222} INFO - ::endgroup::
