[2025-02-16T15:29:16.479+0000] {local_task_job_runner.py:120} INFO - ::group::Pre task execution logs
[2025-02-16T15:29:16.498+0000] {taskinstance.py:2076} INFO - Dependencies all met for dep_context=non-requeueable deps ti=<TaskInstance: weather_data_pipeline_dag.download_data manual__2025-02-16T15:29:14.914477+00:00 [queued]>
[2025-02-16T15:29:16.504+0000] {taskinstance.py:2076} INFO - Dependencies all met for dep_context=requeueable deps ti=<TaskInstance: weather_data_pipeline_dag.download_data manual__2025-02-16T15:29:14.914477+00:00 [queued]>
[2025-02-16T15:29:16.505+0000] {taskinstance.py:2306} INFO - Starting attempt 1 of 2
[2025-02-16T15:29:16.517+0000] {taskinstance.py:2330} INFO - Executing <Task(PythonOperator): download_data> on 2025-02-16 15:29:14.914477+00:00
[2025-02-16T15:29:16.523+0000] {warnings.py:112} WARNING - /home/***/.local/lib/python3.12/site-packages/***/task/task_runner/standard_task_runner.py:61: DeprecationWarning: This process (pid=1160) is multi-threaded, use of fork() may lead to deadlocks in the child.
  pid = os.fork()

[2025-02-16T15:29:16.525+0000] {standard_task_runner.py:63} INFO - Started process 1164 to run task
[2025-02-16T15:29:16.524+0000] {standard_task_runner.py:90} INFO - Running: ['***', 'tasks', 'run', 'weather_data_pipeline_dag', 'download_data', 'manual__2025-02-16T15:29:14.914477+00:00', '--job-id', '35', '--raw', '--subdir', 'DAGS_FOLDER/weather_data_pipeline_dag.py', '--cfg-path', '/tmp/tmpx7vnuy7x']
[2025-02-16T15:29:16.526+0000] {standard_task_runner.py:91} INFO - Job 35: Subtask download_data
[2025-02-16T15:29:16.568+0000] {task_command.py:426} INFO - Running <TaskInstance: weather_data_pipeline_dag.download_data manual__2025-02-16T15:29:14.914477+00:00 [running]> on host dfa5576bf540
[2025-02-16T15:29:16.648+0000] {taskinstance.py:2648} INFO - Exporting env vars: AIRFLOW_CTX_DAG_OWNER='***' AIRFLOW_CTX_DAG_ID='weather_data_pipeline_dag' AIRFLOW_CTX_TASK_ID='download_data' AIRFLOW_CTX_EXECUTION_DATE='2025-02-16T15:29:14.914477+00:00' AIRFLOW_CTX_TRY_NUMBER='1' AIRFLOW_CTX_DAG_RUN_ID='manual__2025-02-16T15:29:14.914477+00:00'
[2025-02-16T15:29:16.650+0000] {taskinstance.py:430} INFO - ::endgroup::
[2025-02-16T15:29:16.858+0000] {python.py:237} INFO - Done. Returned value was: None
[2025-02-16T15:29:16.860+0000] {taskinstance.py:441} INFO - ::group::Post task execution logs
[2025-02-16T15:29:16.874+0000] {taskinstance.py:1206} INFO - Marking task as SUCCESS. dag_id=weather_data_pipeline_dag, task_id=download_data, run_id=manual__2025-02-16T15:29:14.914477+00:00, execution_date=20250216T152914, start_date=20250216T152916, end_date=20250216T152916
[2025-02-16T15:29:16.900+0000] {local_task_job_runner.py:240} INFO - Task exited with return code 0
[2025-02-16T15:29:16.909+0000] {warnings.py:112} WARNING - /home/***/.local/lib/python3.12/site-packages/***/models/baseoperator.py:1297: AirflowProviderDeprecationWarning: Call to deprecated class PostgresOperator. (Please use `***.providers.common.sql.operators.sql.SQLExecuteQueryOperator`.Also, you can provide `hook_params={'schema': <database>}`.)
  result = cls.__new__(cls)

[2025-02-16T15:29:16.923+0000] {taskinstance.py:3503} INFO - 1 downstream tasks scheduled from follow-on schedule check
[2025-02-16T15:29:16.926+0000] {local_task_job_runner.py:222} INFO - ::endgroup::
