[2025-02-16T16:13:05.876+0000] {local_task_job_runner.py:120} INFO - ::group::Pre task execution logs
[2025-02-16T16:13:05.930+0000] {taskinstance.py:2076} INFO - Dependencies all met for dep_context=non-requeueable deps ti=<TaskInstance: nasa_apod_pipeline.export_to_postgres scheduled__2025-02-15T12:00:00+00:00 [queued]>
[2025-02-16T16:13:05.943+0000] {taskinstance.py:2076} INFO - Dependencies all met for dep_context=requeueable deps ti=<TaskInstance: nasa_apod_pipeline.export_to_postgres scheduled__2025-02-15T12:00:00+00:00 [queued]>
[2025-02-16T16:13:05.945+0000] {taskinstance.py:2306} INFO - Starting attempt 1 of 2
[2025-02-16T16:13:06.008+0000] {taskinstance.py:2330} INFO - Executing <Task(PythonOperator): export_to_postgres> on 2025-02-15 12:00:00+00:00
[2025-02-16T16:13:06.016+0000] {warnings.py:112} WARNING - /home/***/.local/lib/python3.12/site-packages/***/task/task_runner/standard_task_runner.py:61: DeprecationWarning: This process (pid=1835) is multi-threaded, use of fork() may lead to deadlocks in the child.
  pid = os.fork()

[2025-02-16T16:13:06.018+0000] {standard_task_runner.py:90} INFO - Running: ['***', 'tasks', 'run', 'nasa_apod_pipeline', 'export_to_postgres', 'scheduled__2025-02-15T12:00:00+00:00', '--job-id', '65', '--raw', '--subdir', 'DAGS_FOLDER/nasa_pipeline_dag.py', '--cfg-path', '/tmp/tmp3wavsb1t']
[2025-02-16T16:13:06.021+0000] {standard_task_runner.py:63} INFO - Started process 1839 to run task
[2025-02-16T16:13:06.021+0000] {standard_task_runner.py:91} INFO - Job 65: Subtask export_to_postgres
[2025-02-16T16:13:06.094+0000] {task_command.py:426} INFO - Running <TaskInstance: nasa_apod_pipeline.export_to_postgres scheduled__2025-02-15T12:00:00+00:00 [running]> on host dfa5576bf540
[2025-02-16T16:13:06.373+0000] {taskinstance.py:2648} INFO - Exporting env vars: AIRFLOW_CTX_DAG_OWNER='***' AIRFLOW_CTX_DAG_ID='nasa_apod_pipeline' AIRFLOW_CTX_TASK_ID='export_to_postgres' AIRFLOW_CTX_EXECUTION_DATE='2025-02-15T12:00:00+00:00' AIRFLOW_CTX_TRY_NUMBER='1' AIRFLOW_CTX_DAG_RUN_ID='scheduled__2025-02-15T12:00:00+00:00'
[2025-02-16T16:13:06.375+0000] {taskinstance.py:430} INFO - ::endgroup::
[2025-02-16T16:13:06.407+0000] {base.py:84} INFO - Using connection ID 'postgres_nasa' for task execution.
[2025-02-16T16:13:06.435+0000] {python.py:237} INFO - Done. Returned value was: None
[2025-02-16T16:13:06.435+0000] {taskinstance.py:441} INFO - ::group::Post task execution logs
[2025-02-16T16:13:06.445+0000] {taskinstance.py:1206} INFO - Marking task as SUCCESS. dag_id=nasa_apod_pipeline, task_id=export_to_postgres, run_id=scheduled__2025-02-15T12:00:00+00:00, execution_date=20250215T120000, start_date=20250216T161305, end_date=20250216T161306
[2025-02-16T16:13:06.480+0000] {local_task_job_runner.py:240} INFO - Task exited with return code 0
[2025-02-16T16:13:06.500+0000] {taskinstance.py:3503} INFO - 0 downstream tasks scheduled from follow-on schedule check
[2025-02-16T16:13:06.514+0000] {local_task_job_runner.py:222} INFO - ::endgroup::
