[2025-02-16T16:01:30.592+0000] {processor.py:161} INFO - Started process (PID=1795) to work on /opt/airflow/dags/nasa_pipeline_dag.py
[2025-02-16T16:01:30.593+0000] {processor.py:830} INFO - Processing file /opt/airflow/dags/nasa_pipeline_dag.py for tasks to queue
[2025-02-16T16:01:30.594+0000] {logging_mixin.py:188} INFO - [2025-02-16T16:01:30.594+0000] {dagbag.py:545} INFO - Filling up the DagBag from /opt/airflow/dags/nasa_pipeline_dag.py
[2025-02-16T16:01:31.006+0000] {processor.py:840} INFO - DAG(s) 'nasa_apod_pipeline' retrieved from /opt/airflow/dags/nasa_pipeline_dag.py
[2025-02-16T16:01:31.104+0000] {logging_mixin.py:188} INFO - [2025-02-16T16:01:31.104+0000] {override.py:1829} INFO - Created Permission View: can read on DAG:nasa_apod_pipeline
[2025-02-16T16:01:31.113+0000] {logging_mixin.py:188} INFO - [2025-02-16T16:01:31.113+0000] {override.py:1829} INFO - Created Permission View: can delete on DAG:nasa_apod_pipeline
[2025-02-16T16:01:31.120+0000] {logging_mixin.py:188} INFO - [2025-02-16T16:01:31.119+0000] {override.py:1829} INFO - Created Permission View: can edit on DAG:nasa_apod_pipeline
[2025-02-16T16:01:31.120+0000] {logging_mixin.py:188} INFO - [2025-02-16T16:01:31.120+0000] {dag.py:3096} INFO - Sync 1 DAGs
[2025-02-16T16:01:31.130+0000] {logging_mixin.py:188} INFO - [2025-02-16T16:01:31.130+0000] {dag.py:3118} INFO - Creating ORM DAG for nasa_apod_pipeline
[2025-02-16T16:01:31.138+0000] {logging_mixin.py:188} INFO - [2025-02-16T16:01:31.138+0000] {dag.py:3954} INFO - Setting next_dagrun for nasa_apod_pipeline to 2025-02-15 12:00:00+00:00, run_after=2025-02-16 12:00:00+00:00
[2025-02-16T16:01:31.155+0000] {processor.py:183} INFO - Processing /opt/airflow/dags/nasa_pipeline_dag.py took 0.568 seconds
[2025-02-16T16:02:01.351+0000] {processor.py:161} INFO - Started process (PID=1806) to work on /opt/airflow/dags/nasa_pipeline_dag.py
[2025-02-16T16:02:01.352+0000] {processor.py:830} INFO - Processing file /opt/airflow/dags/nasa_pipeline_dag.py for tasks to queue
[2025-02-16T16:02:01.353+0000] {logging_mixin.py:188} INFO - [2025-02-16T16:02:01.353+0000] {dagbag.py:545} INFO - Filling up the DagBag from /opt/airflow/dags/nasa_pipeline_dag.py
[2025-02-16T16:02:01.779+0000] {processor.py:840} INFO - DAG(s) 'nasa_apod_pipeline' retrieved from /opt/airflow/dags/nasa_pipeline_dag.py
[2025-02-16T16:02:01.793+0000] {logging_mixin.py:188} INFO - [2025-02-16T16:02:01.793+0000] {dag.py:3096} INFO - Sync 1 DAGs
[2025-02-16T16:02:01.811+0000] {logging_mixin.py:188} INFO - [2025-02-16T16:02:01.810+0000] {dag.py:3954} INFO - Setting next_dagrun for nasa_apod_pipeline to 2025-02-15 12:00:00+00:00, run_after=2025-02-16 12:00:00+00:00
[2025-02-16T16:02:01.827+0000] {processor.py:183} INFO - Processing /opt/airflow/dags/nasa_pipeline_dag.py took 0.481 seconds
[2025-02-16T16:02:32.131+0000] {processor.py:161} INFO - Started process (PID=1823) to work on /opt/airflow/dags/nasa_pipeline_dag.py
[2025-02-16T16:02:32.140+0000] {processor.py:830} INFO - Processing file /opt/airflow/dags/nasa_pipeline_dag.py for tasks to queue
[2025-02-16T16:02:32.141+0000] {logging_mixin.py:188} INFO - [2025-02-16T16:02:32.141+0000] {dagbag.py:545} INFO - Filling up the DagBag from /opt/airflow/dags/nasa_pipeline_dag.py
[2025-02-16T16:02:32.603+0000] {processor.py:840} INFO - DAG(s) 'nasa_apod_pipeline' retrieved from /opt/airflow/dags/nasa_pipeline_dag.py
[2025-02-16T16:02:32.631+0000] {logging_mixin.py:188} INFO - [2025-02-16T16:02:32.631+0000] {dag.py:3096} INFO - Sync 1 DAGs
[2025-02-16T16:02:32.668+0000] {logging_mixin.py:188} INFO - [2025-02-16T16:02:32.668+0000] {dag.py:3954} INFO - Setting next_dagrun for nasa_apod_pipeline to 2025-02-16 12:00:00+00:00, run_after=2025-02-17 12:00:00+00:00
[2025-02-16T16:02:32.716+0000] {processor.py:183} INFO - Processing /opt/airflow/dags/nasa_pipeline_dag.py took 0.592 seconds
[2025-02-16T16:03:03.101+0000] {processor.py:161} INFO - Started process (PID=1834) to work on /opt/airflow/dags/nasa_pipeline_dag.py
[2025-02-16T16:03:03.103+0000] {processor.py:830} INFO - Processing file /opt/airflow/dags/nasa_pipeline_dag.py for tasks to queue
[2025-02-16T16:03:03.104+0000] {logging_mixin.py:188} INFO - [2025-02-16T16:03:03.103+0000] {dagbag.py:545} INFO - Filling up the DagBag from /opt/airflow/dags/nasa_pipeline_dag.py
[2025-02-16T16:03:03.577+0000] {processor.py:840} INFO - DAG(s) 'nasa_apod_pipeline' retrieved from /opt/airflow/dags/nasa_pipeline_dag.py
[2025-02-16T16:03:03.593+0000] {logging_mixin.py:188} INFO - [2025-02-16T16:03:03.593+0000] {dag.py:3096} INFO - Sync 1 DAGs
[2025-02-16T16:03:03.612+0000] {logging_mixin.py:188} INFO - [2025-02-16T16:03:03.612+0000] {dag.py:3954} INFO - Setting next_dagrun for nasa_apod_pipeline to 2025-02-16 12:00:00+00:00, run_after=2025-02-17 12:00:00+00:00
[2025-02-16T16:03:03.630+0000] {processor.py:183} INFO - Processing /opt/airflow/dags/nasa_pipeline_dag.py took 0.534 seconds
[2025-02-16T16:03:34.031+0000] {processor.py:161} INFO - Started process (PID=1845) to work on /opt/airflow/dags/nasa_pipeline_dag.py
[2025-02-16T16:03:34.032+0000] {processor.py:830} INFO - Processing file /opt/airflow/dags/nasa_pipeline_dag.py for tasks to queue
[2025-02-16T16:03:34.033+0000] {logging_mixin.py:188} INFO - [2025-02-16T16:03:34.033+0000] {dagbag.py:545} INFO - Filling up the DagBag from /opt/airflow/dags/nasa_pipeline_dag.py
[2025-02-16T16:03:34.446+0000] {processor.py:840} INFO - DAG(s) 'nasa_apod_pipeline' retrieved from /opt/airflow/dags/nasa_pipeline_dag.py
[2025-02-16T16:03:34.463+0000] {logging_mixin.py:188} INFO - [2025-02-16T16:03:34.462+0000] {dag.py:3096} INFO - Sync 1 DAGs
[2025-02-16T16:03:34.482+0000] {logging_mixin.py:188} INFO - [2025-02-16T16:03:34.482+0000] {dag.py:3954} INFO - Setting next_dagrun for nasa_apod_pipeline to 2025-02-16 12:00:00+00:00, run_after=2025-02-17 12:00:00+00:00
[2025-02-16T16:03:34.499+0000] {processor.py:183} INFO - Processing /opt/airflow/dags/nasa_pipeline_dag.py took 0.474 seconds
[2025-02-16T16:04:04.924+0000] {processor.py:161} INFO - Started process (PID=1860) to work on /opt/airflow/dags/nasa_pipeline_dag.py
[2025-02-16T16:04:04.925+0000] {processor.py:830} INFO - Processing file /opt/airflow/dags/nasa_pipeline_dag.py for tasks to queue
[2025-02-16T16:04:04.926+0000] {logging_mixin.py:188} INFO - [2025-02-16T16:04:04.926+0000] {dagbag.py:545} INFO - Filling up the DagBag from /opt/airflow/dags/nasa_pipeline_dag.py
[2025-02-16T16:04:05.355+0000] {processor.py:840} INFO - DAG(s) 'nasa_apod_pipeline' retrieved from /opt/airflow/dags/nasa_pipeline_dag.py
[2025-02-16T16:04:05.373+0000] {logging_mixin.py:188} INFO - [2025-02-16T16:04:05.372+0000] {dag.py:3096} INFO - Sync 1 DAGs
[2025-02-16T16:04:05.393+0000] {logging_mixin.py:188} INFO - [2025-02-16T16:04:05.393+0000] {dag.py:3954} INFO - Setting next_dagrun for nasa_apod_pipeline to 2025-02-16 12:00:00+00:00, run_after=2025-02-17 12:00:00+00:00
[2025-02-16T16:04:05.411+0000] {processor.py:183} INFO - Processing /opt/airflow/dags/nasa_pipeline_dag.py took 0.493 seconds
[2025-02-16T16:04:35.986+0000] {processor.py:161} INFO - Started process (PID=1879) to work on /opt/airflow/dags/nasa_pipeline_dag.py
[2025-02-16T16:04:35.987+0000] {processor.py:830} INFO - Processing file /opt/airflow/dags/nasa_pipeline_dag.py for tasks to queue
[2025-02-16T16:04:35.988+0000] {logging_mixin.py:188} INFO - [2025-02-16T16:04:35.987+0000] {dagbag.py:545} INFO - Filling up the DagBag from /opt/airflow/dags/nasa_pipeline_dag.py
[2025-02-16T16:04:36.415+0000] {processor.py:840} INFO - DAG(s) 'nasa_apod_pipeline' retrieved from /opt/airflow/dags/nasa_pipeline_dag.py
[2025-02-16T16:04:36.431+0000] {logging_mixin.py:188} INFO - [2025-02-16T16:04:36.430+0000] {dag.py:3096} INFO - Sync 1 DAGs
[2025-02-16T16:04:36.449+0000] {logging_mixin.py:188} INFO - [2025-02-16T16:04:36.448+0000] {dag.py:3954} INFO - Setting next_dagrun for nasa_apod_pipeline to 2025-02-16 12:00:00+00:00, run_after=2025-02-17 12:00:00+00:00
[2025-02-16T16:04:36.466+0000] {processor.py:183} INFO - Processing /opt/airflow/dags/nasa_pipeline_dag.py took 0.487 seconds
[2025-02-16T16:05:06.594+0000] {processor.py:161} INFO - Started process (PID=1890) to work on /opt/airflow/dags/nasa_pipeline_dag.py
[2025-02-16T16:05:06.595+0000] {processor.py:830} INFO - Processing file /opt/airflow/dags/nasa_pipeline_dag.py for tasks to queue
[2025-02-16T16:05:06.596+0000] {logging_mixin.py:188} INFO - [2025-02-16T16:05:06.596+0000] {dagbag.py:545} INFO - Filling up the DagBag from /opt/airflow/dags/nasa_pipeline_dag.py
[2025-02-16T16:05:06.992+0000] {processor.py:840} INFO - DAG(s) 'nasa_apod_pipeline' retrieved from /opt/airflow/dags/nasa_pipeline_dag.py
[2025-02-16T16:05:07.006+0000] {logging_mixin.py:188} INFO - [2025-02-16T16:05:07.005+0000] {dag.py:3096} INFO - Sync 1 DAGs
[2025-02-16T16:05:07.023+0000] {logging_mixin.py:188} INFO - [2025-02-16T16:05:07.023+0000] {dag.py:3954} INFO - Setting next_dagrun for nasa_apod_pipeline to 2025-02-16 12:00:00+00:00, run_after=2025-02-17 12:00:00+00:00
[2025-02-16T16:05:07.041+0000] {processor.py:183} INFO - Processing /opt/airflow/dags/nasa_pipeline_dag.py took 0.452 seconds
[2025-02-16T16:05:37.390+0000] {processor.py:161} INFO - Started process (PID=1901) to work on /opt/airflow/dags/nasa_pipeline_dag.py
[2025-02-16T16:05:37.391+0000] {processor.py:830} INFO - Processing file /opt/airflow/dags/nasa_pipeline_dag.py for tasks to queue
[2025-02-16T16:05:37.392+0000] {logging_mixin.py:188} INFO - [2025-02-16T16:05:37.391+0000] {dagbag.py:545} INFO - Filling up the DagBag from /opt/airflow/dags/nasa_pipeline_dag.py
[2025-02-16T16:05:37.825+0000] {processor.py:840} INFO - DAG(s) 'nasa_apod_pipeline' retrieved from /opt/airflow/dags/nasa_pipeline_dag.py
[2025-02-16T16:05:37.841+0000] {logging_mixin.py:188} INFO - [2025-02-16T16:05:37.841+0000] {dag.py:3096} INFO - Sync 1 DAGs
[2025-02-16T16:05:37.862+0000] {logging_mixin.py:188} INFO - [2025-02-16T16:05:37.861+0000] {dag.py:3954} INFO - Setting next_dagrun for nasa_apod_pipeline to 2025-02-16 12:00:00+00:00, run_after=2025-02-17 12:00:00+00:00
[2025-02-16T16:05:37.879+0000] {processor.py:183} INFO - Processing /opt/airflow/dags/nasa_pipeline_dag.py took 0.495 seconds
[2025-02-16T16:06:08.280+0000] {processor.py:161} INFO - Started process (PID=1912) to work on /opt/airflow/dags/nasa_pipeline_dag.py
[2025-02-16T16:06:08.281+0000] {processor.py:830} INFO - Processing file /opt/airflow/dags/nasa_pipeline_dag.py for tasks to queue
[2025-02-16T16:06:08.282+0000] {logging_mixin.py:188} INFO - [2025-02-16T16:06:08.281+0000] {dagbag.py:545} INFO - Filling up the DagBag from /opt/airflow/dags/nasa_pipeline_dag.py
[2025-02-16T16:06:08.675+0000] {processor.py:840} INFO - DAG(s) 'nasa_apod_pipeline' retrieved from /opt/airflow/dags/nasa_pipeline_dag.py
[2025-02-16T16:06:08.758+0000] {logging_mixin.py:188} INFO - [2025-02-16T16:06:08.758+0000] {dag.py:3096} INFO - Sync 1 DAGs
[2025-02-16T16:06:08.766+0000] {logging_mixin.py:188} INFO - [2025-02-16T16:06:08.766+0000] {dag.py:3118} INFO - Creating ORM DAG for nasa_apod_pipeline
[2025-02-16T16:06:08.775+0000] {logging_mixin.py:188} INFO - [2025-02-16T16:06:08.775+0000] {dag.py:3954} INFO - Setting next_dagrun for nasa_apod_pipeline to 2025-02-15 12:00:00+00:00, run_after=2025-02-16 12:00:00+00:00
[2025-02-16T16:06:08.791+0000] {processor.py:183} INFO - Processing /opt/airflow/dags/nasa_pipeline_dag.py took 0.517 seconds
[2025-02-16T16:06:39.347+0000] {processor.py:161} INFO - Started process (PID=1931) to work on /opt/airflow/dags/nasa_pipeline_dag.py
[2025-02-16T16:06:39.350+0000] {processor.py:830} INFO - Processing file /opt/airflow/dags/nasa_pipeline_dag.py for tasks to queue
[2025-02-16T16:06:39.351+0000] {logging_mixin.py:188} INFO - [2025-02-16T16:06:39.350+0000] {dagbag.py:545} INFO - Filling up the DagBag from /opt/airflow/dags/nasa_pipeline_dag.py
[2025-02-16T16:06:39.761+0000] {processor.py:840} INFO - DAG(s) 'nasa_apod_pipeline' retrieved from /opt/airflow/dags/nasa_pipeline_dag.py
[2025-02-16T16:06:39.775+0000] {logging_mixin.py:188} INFO - [2025-02-16T16:06:39.774+0000] {dag.py:3096} INFO - Sync 1 DAGs
[2025-02-16T16:06:39.792+0000] {logging_mixin.py:188} INFO - [2025-02-16T16:06:39.791+0000] {dag.py:3954} INFO - Setting next_dagrun for nasa_apod_pipeline to 2025-02-16 12:00:00+00:00, run_after=2025-02-17 12:00:00+00:00
[2025-02-16T16:06:39.808+0000] {processor.py:183} INFO - Processing /opt/airflow/dags/nasa_pipeline_dag.py took 0.466 seconds
[2025-02-16T16:07:10.252+0000] {processor.py:161} INFO - Started process (PID=1942) to work on /opt/airflow/dags/nasa_pipeline_dag.py
[2025-02-16T16:07:10.253+0000] {processor.py:830} INFO - Processing file /opt/airflow/dags/nasa_pipeline_dag.py for tasks to queue
[2025-02-16T16:07:10.254+0000] {logging_mixin.py:188} INFO - [2025-02-16T16:07:10.254+0000] {dagbag.py:545} INFO - Filling up the DagBag from /opt/airflow/dags/nasa_pipeline_dag.py
[2025-02-16T16:07:10.719+0000] {processor.py:840} INFO - DAG(s) 'nasa_apod_pipeline' retrieved from /opt/airflow/dags/nasa_pipeline_dag.py
[2025-02-16T16:07:10.734+0000] {logging_mixin.py:188} INFO - [2025-02-16T16:07:10.734+0000] {dag.py:3096} INFO - Sync 1 DAGs
[2025-02-16T16:07:10.756+0000] {logging_mixin.py:188} INFO - [2025-02-16T16:07:10.756+0000] {dag.py:3954} INFO - Setting next_dagrun for nasa_apod_pipeline to 2025-02-16 12:00:00+00:00, run_after=2025-02-17 12:00:00+00:00
[2025-02-16T16:07:10.774+0000] {processor.py:183} INFO - Processing /opt/airflow/dags/nasa_pipeline_dag.py took 0.529 seconds
[2025-02-16T16:07:41.267+0000] {processor.py:161} INFO - Started process (PID=1953) to work on /opt/airflow/dags/nasa_pipeline_dag.py
[2025-02-16T16:07:41.268+0000] {processor.py:830} INFO - Processing file /opt/airflow/dags/nasa_pipeline_dag.py for tasks to queue
[2025-02-16T16:07:41.269+0000] {logging_mixin.py:188} INFO - [2025-02-16T16:07:41.269+0000] {dagbag.py:545} INFO - Filling up the DagBag from /opt/airflow/dags/nasa_pipeline_dag.py
[2025-02-16T16:07:41.671+0000] {processor.py:840} INFO - DAG(s) 'nasa_apod_pipeline' retrieved from /opt/airflow/dags/nasa_pipeline_dag.py
[2025-02-16T16:07:41.685+0000] {logging_mixin.py:188} INFO - [2025-02-16T16:07:41.685+0000] {dag.py:3096} INFO - Sync 1 DAGs
[2025-02-16T16:07:41.705+0000] {logging_mixin.py:188} INFO - [2025-02-16T16:07:41.704+0000] {dag.py:3954} INFO - Setting next_dagrun for nasa_apod_pipeline to 2025-02-16 12:00:00+00:00, run_after=2025-02-17 12:00:00+00:00
[2025-02-16T16:07:41.722+0000] {processor.py:183} INFO - Processing /opt/airflow/dags/nasa_pipeline_dag.py took 0.460 seconds
[2025-02-16T16:08:12.128+0000] {processor.py:161} INFO - Started process (PID=1964) to work on /opt/airflow/dags/nasa_pipeline_dag.py
[2025-02-16T16:08:12.129+0000] {processor.py:830} INFO - Processing file /opt/airflow/dags/nasa_pipeline_dag.py for tasks to queue
[2025-02-16T16:08:12.131+0000] {logging_mixin.py:188} INFO - [2025-02-16T16:08:12.130+0000] {dagbag.py:545} INFO - Filling up the DagBag from /opt/airflow/dags/nasa_pipeline_dag.py
[2025-02-16T16:08:12.534+0000] {processor.py:840} INFO - DAG(s) 'nasa_apod_pipeline' retrieved from /opt/airflow/dags/nasa_pipeline_dag.py
[2025-02-16T16:08:12.549+0000] {logging_mixin.py:188} INFO - [2025-02-16T16:08:12.548+0000] {dag.py:3096} INFO - Sync 1 DAGs
[2025-02-16T16:08:12.569+0000] {logging_mixin.py:188} INFO - [2025-02-16T16:08:12.569+0000] {dag.py:3954} INFO - Setting next_dagrun for nasa_apod_pipeline to 2025-02-16 12:00:00+00:00, run_after=2025-02-17 12:00:00+00:00
[2025-02-16T16:08:12.586+0000] {processor.py:183} INFO - Processing /opt/airflow/dags/nasa_pipeline_dag.py took 0.464 seconds
[2025-02-16T16:08:42.824+0000] {processor.py:161} INFO - Started process (PID=1975) to work on /opt/airflow/dags/nasa_pipeline_dag.py
[2025-02-16T16:08:42.825+0000] {processor.py:830} INFO - Processing file /opt/airflow/dags/nasa_pipeline_dag.py for tasks to queue
[2025-02-16T16:08:42.826+0000] {logging_mixin.py:188} INFO - [2025-02-16T16:08:42.826+0000] {dagbag.py:545} INFO - Filling up the DagBag from /opt/airflow/dags/nasa_pipeline_dag.py
[2025-02-16T16:08:43.254+0000] {processor.py:840} INFO - DAG(s) 'nasa_apod_pipeline' retrieved from /opt/airflow/dags/nasa_pipeline_dag.py
[2025-02-16T16:08:43.268+0000] {logging_mixin.py:188} INFO - [2025-02-16T16:08:43.267+0000] {dag.py:3096} INFO - Sync 1 DAGs
[2025-02-16T16:08:43.284+0000] {logging_mixin.py:188} INFO - [2025-02-16T16:08:43.284+0000] {dag.py:3954} INFO - Setting next_dagrun for nasa_apod_pipeline to 2025-02-16 12:00:00+00:00, run_after=2025-02-17 12:00:00+00:00
[2025-02-16T16:08:43.302+0000] {processor.py:183} INFO - Processing /opt/airflow/dags/nasa_pipeline_dag.py took 0.483 seconds
[2025-02-16T16:09:13.715+0000] {processor.py:161} INFO - Started process (PID=1986) to work on /opt/airflow/dags/nasa_pipeline_dag.py
[2025-02-16T16:09:13.717+0000] {processor.py:830} INFO - Processing file /opt/airflow/dags/nasa_pipeline_dag.py for tasks to queue
[2025-02-16T16:09:13.718+0000] {logging_mixin.py:188} INFO - [2025-02-16T16:09:13.717+0000] {dagbag.py:545} INFO - Filling up the DagBag from /opt/airflow/dags/nasa_pipeline_dag.py
[2025-02-16T16:09:14.131+0000] {processor.py:840} INFO - DAG(s) 'nasa_apod_pipeline' retrieved from /opt/airflow/dags/nasa_pipeline_dag.py
[2025-02-16T16:09:14.146+0000] {logging_mixin.py:188} INFO - [2025-02-16T16:09:14.145+0000] {dag.py:3096} INFO - Sync 1 DAGs
[2025-02-16T16:09:14.163+0000] {logging_mixin.py:188} INFO - [2025-02-16T16:09:14.163+0000] {dag.py:3954} INFO - Setting next_dagrun for nasa_apod_pipeline to 2025-02-16 12:00:00+00:00, run_after=2025-02-17 12:00:00+00:00
[2025-02-16T16:09:14.180+0000] {processor.py:183} INFO - Processing /opt/airflow/dags/nasa_pipeline_dag.py took 0.471 seconds
[2025-02-16T16:09:44.394+0000] {processor.py:161} INFO - Started process (PID=2003) to work on /opt/airflow/dags/nasa_pipeline_dag.py
[2025-02-16T16:09:44.395+0000] {processor.py:830} INFO - Processing file /opt/airflow/dags/nasa_pipeline_dag.py for tasks to queue
[2025-02-16T16:09:44.396+0000] {logging_mixin.py:188} INFO - [2025-02-16T16:09:44.395+0000] {dagbag.py:545} INFO - Filling up the DagBag from /opt/airflow/dags/nasa_pipeline_dag.py
[2025-02-16T16:09:44.819+0000] {processor.py:840} INFO - DAG(s) 'nasa_apod_pipeline' retrieved from /opt/airflow/dags/nasa_pipeline_dag.py
[2025-02-16T16:09:44.833+0000] {logging_mixin.py:188} INFO - [2025-02-16T16:09:44.833+0000] {dag.py:3096} INFO - Sync 1 DAGs
[2025-02-16T16:09:44.852+0000] {logging_mixin.py:188} INFO - [2025-02-16T16:09:44.851+0000] {dag.py:3954} INFO - Setting next_dagrun for nasa_apod_pipeline to 2025-02-16 12:00:00+00:00, run_after=2025-02-17 12:00:00+00:00
[2025-02-16T16:09:44.870+0000] {processor.py:183} INFO - Processing /opt/airflow/dags/nasa_pipeline_dag.py took 0.482 seconds
[2025-02-16T16:10:15.275+0000] {processor.py:161} INFO - Started process (PID=2014) to work on /opt/airflow/dags/nasa_pipeline_dag.py
[2025-02-16T16:10:15.276+0000] {processor.py:830} INFO - Processing file /opt/airflow/dags/nasa_pipeline_dag.py for tasks to queue
[2025-02-16T16:10:15.277+0000] {logging_mixin.py:188} INFO - [2025-02-16T16:10:15.277+0000] {dagbag.py:545} INFO - Filling up the DagBag from /opt/airflow/dags/nasa_pipeline_dag.py
[2025-02-16T16:10:15.712+0000] {processor.py:840} INFO - DAG(s) 'nasa_apod_pipeline' retrieved from /opt/airflow/dags/nasa_pipeline_dag.py
[2025-02-16T16:10:15.726+0000] {logging_mixin.py:188} INFO - [2025-02-16T16:10:15.726+0000] {dag.py:3096} INFO - Sync 1 DAGs
[2025-02-16T16:10:15.744+0000] {logging_mixin.py:188} INFO - [2025-02-16T16:10:15.744+0000] {dag.py:3954} INFO - Setting next_dagrun for nasa_apod_pipeline to 2025-02-16 12:00:00+00:00, run_after=2025-02-17 12:00:00+00:00
[2025-02-16T16:10:15.760+0000] {processor.py:183} INFO - Processing /opt/airflow/dags/nasa_pipeline_dag.py took 0.490 seconds
[2025-02-16T16:10:46.070+0000] {processor.py:161} INFO - Started process (PID=2026) to work on /opt/airflow/dags/nasa_pipeline_dag.py
[2025-02-16T16:10:46.071+0000] {processor.py:830} INFO - Processing file /opt/airflow/dags/nasa_pipeline_dag.py for tasks to queue
[2025-02-16T16:10:46.072+0000] {logging_mixin.py:188} INFO - [2025-02-16T16:10:46.072+0000] {dagbag.py:545} INFO - Filling up the DagBag from /opt/airflow/dags/nasa_pipeline_dag.py
[2025-02-16T16:10:46.505+0000] {processor.py:840} INFO - DAG(s) 'nasa_apod_pipeline' retrieved from /opt/airflow/dags/nasa_pipeline_dag.py
[2025-02-16T16:10:46.521+0000] {logging_mixin.py:188} INFO - [2025-02-16T16:10:46.521+0000] {dag.py:3096} INFO - Sync 1 DAGs
[2025-02-16T16:10:46.540+0000] {logging_mixin.py:188} INFO - [2025-02-16T16:10:46.540+0000] {dag.py:3954} INFO - Setting next_dagrun for nasa_apod_pipeline to 2025-02-16 12:00:00+00:00, run_after=2025-02-17 12:00:00+00:00
[2025-02-16T16:10:46.559+0000] {processor.py:183} INFO - Processing /opt/airflow/dags/nasa_pipeline_dag.py took 0.495 seconds
[2025-02-16T16:11:17.021+0000] {processor.py:161} INFO - Started process (PID=2037) to work on /opt/airflow/dags/nasa_pipeline_dag.py
[2025-02-16T16:11:17.023+0000] {processor.py:830} INFO - Processing file /opt/airflow/dags/nasa_pipeline_dag.py for tasks to queue
[2025-02-16T16:11:17.024+0000] {logging_mixin.py:188} INFO - [2025-02-16T16:11:17.023+0000] {dagbag.py:545} INFO - Filling up the DagBag from /opt/airflow/dags/nasa_pipeline_dag.py
[2025-02-16T16:11:17.452+0000] {processor.py:840} INFO - DAG(s) 'nasa_apod_pipeline' retrieved from /opt/airflow/dags/nasa_pipeline_dag.py
[2025-02-16T16:11:17.471+0000] {logging_mixin.py:188} INFO - [2025-02-16T16:11:17.470+0000] {dag.py:3096} INFO - Sync 1 DAGs
[2025-02-16T16:11:17.490+0000] {logging_mixin.py:188} INFO - [2025-02-16T16:11:17.490+0000] {dag.py:3954} INFO - Setting next_dagrun for nasa_apod_pipeline to 2025-02-16 12:00:00+00:00, run_after=2025-02-17 12:00:00+00:00
[2025-02-16T16:11:17.509+0000] {processor.py:183} INFO - Processing /opt/airflow/dags/nasa_pipeline_dag.py took 0.493 seconds
[2025-02-16T16:11:47.953+0000] {processor.py:161} INFO - Started process (PID=2048) to work on /opt/airflow/dags/nasa_pipeline_dag.py
[2025-02-16T16:11:47.954+0000] {processor.py:830} INFO - Processing file /opt/airflow/dags/nasa_pipeline_dag.py for tasks to queue
[2025-02-16T16:11:47.955+0000] {logging_mixin.py:188} INFO - [2025-02-16T16:11:47.955+0000] {dagbag.py:545} INFO - Filling up the DagBag from /opt/airflow/dags/nasa_pipeline_dag.py
[2025-02-16T16:11:48.347+0000] {processor.py:840} INFO - DAG(s) 'nasa_apod_pipeline' retrieved from /opt/airflow/dags/nasa_pipeline_dag.py
[2025-02-16T16:11:48.360+0000] {logging_mixin.py:188} INFO - [2025-02-16T16:11:48.360+0000] {dag.py:3096} INFO - Sync 1 DAGs
[2025-02-16T16:11:48.377+0000] {logging_mixin.py:188} INFO - [2025-02-16T16:11:48.377+0000] {dag.py:3954} INFO - Setting next_dagrun for nasa_apod_pipeline to 2025-02-16 12:00:00+00:00, run_after=2025-02-17 12:00:00+00:00
[2025-02-16T16:11:48.393+0000] {processor.py:183} INFO - Processing /opt/airflow/dags/nasa_pipeline_dag.py took 0.446 seconds
[2025-02-16T16:12:18.852+0000] {processor.py:161} INFO - Started process (PID=2059) to work on /opt/airflow/dags/nasa_pipeline_dag.py
[2025-02-16T16:12:18.853+0000] {processor.py:830} INFO - Processing file /opt/airflow/dags/nasa_pipeline_dag.py for tasks to queue
[2025-02-16T16:12:18.854+0000] {logging_mixin.py:188} INFO - [2025-02-16T16:12:18.854+0000] {dagbag.py:545} INFO - Filling up the DagBag from /opt/airflow/dags/nasa_pipeline_dag.py
[2025-02-16T16:12:19.311+0000] {processor.py:840} INFO - DAG(s) 'nasa_apod_pipeline' retrieved from /opt/airflow/dags/nasa_pipeline_dag.py
[2025-02-16T16:12:19.327+0000] {logging_mixin.py:188} INFO - [2025-02-16T16:12:19.326+0000] {dag.py:3096} INFO - Sync 1 DAGs
[2025-02-16T16:12:19.346+0000] {logging_mixin.py:188} INFO - [2025-02-16T16:12:19.346+0000] {dag.py:3954} INFO - Setting next_dagrun for nasa_apod_pipeline to 2025-02-16 12:00:00+00:00, run_after=2025-02-17 12:00:00+00:00
[2025-02-16T16:12:19.361+0000] {processor.py:183} INFO - Processing /opt/airflow/dags/nasa_pipeline_dag.py took 0.515 seconds
[2025-02-16T16:12:49.818+0000] {processor.py:161} INFO - Started process (PID=2074) to work on /opt/airflow/dags/nasa_pipeline_dag.py
[2025-02-16T16:12:49.819+0000] {processor.py:830} INFO - Processing file /opt/airflow/dags/nasa_pipeline_dag.py for tasks to queue
[2025-02-16T16:12:49.820+0000] {logging_mixin.py:188} INFO - [2025-02-16T16:12:49.820+0000] {dagbag.py:545} INFO - Filling up the DagBag from /opt/airflow/dags/nasa_pipeline_dag.py
[2025-02-16T16:12:50.255+0000] {processor.py:840} INFO - DAG(s) 'nasa_apod_pipeline' retrieved from /opt/airflow/dags/nasa_pipeline_dag.py
[2025-02-16T16:12:50.362+0000] {logging_mixin.py:188} INFO - [2025-02-16T16:12:50.362+0000] {dag.py:3096} INFO - Sync 1 DAGs
[2025-02-16T16:12:50.375+0000] {logging_mixin.py:188} INFO - [2025-02-16T16:12:50.373+0000] {dag.py:3118} INFO - Creating ORM DAG for nasa_apod_pipeline
[2025-02-16T16:12:50.386+0000] {logging_mixin.py:188} INFO - [2025-02-16T16:12:50.386+0000] {dag.py:3954} INFO - Setting next_dagrun for nasa_apod_pipeline to 2025-02-15 12:00:00+00:00, run_after=2025-02-16 12:00:00+00:00
[2025-02-16T16:12:50.409+0000] {processor.py:183} INFO - Processing /opt/airflow/dags/nasa_pipeline_dag.py took 0.597 seconds
[2025-02-16T16:13:20.619+0000] {processor.py:161} INFO - Started process (PID=2095) to work on /opt/airflow/dags/nasa_pipeline_dag.py
[2025-02-16T16:13:20.620+0000] {processor.py:830} INFO - Processing file /opt/airflow/dags/nasa_pipeline_dag.py for tasks to queue
[2025-02-16T16:13:20.620+0000] {logging_mixin.py:188} INFO - [2025-02-16T16:13:20.620+0000] {dagbag.py:545} INFO - Filling up the DagBag from /opt/airflow/dags/nasa_pipeline_dag.py
[2025-02-16T16:13:21.046+0000] {processor.py:840} INFO - DAG(s) 'nasa_apod_pipeline' retrieved from /opt/airflow/dags/nasa_pipeline_dag.py
[2025-02-16T16:13:21.061+0000] {logging_mixin.py:188} INFO - [2025-02-16T16:13:21.061+0000] {dag.py:3096} INFO - Sync 1 DAGs
[2025-02-16T16:13:21.079+0000] {logging_mixin.py:188} INFO - [2025-02-16T16:13:21.079+0000] {dag.py:3954} INFO - Setting next_dagrun for nasa_apod_pipeline to 2025-02-16 12:00:00+00:00, run_after=2025-02-17 12:00:00+00:00
[2025-02-16T16:13:21.098+0000] {processor.py:183} INFO - Processing /opt/airflow/dags/nasa_pipeline_dag.py took 0.484 seconds
[2025-02-16T16:13:51.505+0000] {processor.py:161} INFO - Started process (PID=2106) to work on /opt/airflow/dags/nasa_pipeline_dag.py
[2025-02-16T16:13:51.506+0000] {processor.py:830} INFO - Processing file /opt/airflow/dags/nasa_pipeline_dag.py for tasks to queue
[2025-02-16T16:13:51.508+0000] {logging_mixin.py:188} INFO - [2025-02-16T16:13:51.507+0000] {dagbag.py:545} INFO - Filling up the DagBag from /opt/airflow/dags/nasa_pipeline_dag.py
[2025-02-16T16:13:51.916+0000] {processor.py:840} INFO - DAG(s) 'nasa_apod_pipeline' retrieved from /opt/airflow/dags/nasa_pipeline_dag.py
[2025-02-16T16:13:51.930+0000] {logging_mixin.py:188} INFO - [2025-02-16T16:13:51.929+0000] {dag.py:3096} INFO - Sync 1 DAGs
[2025-02-16T16:13:51.946+0000] {logging_mixin.py:188} INFO - [2025-02-16T16:13:51.946+0000] {dag.py:3954} INFO - Setting next_dagrun for nasa_apod_pipeline to 2025-02-16 12:00:00+00:00, run_after=2025-02-17 12:00:00+00:00
[2025-02-16T16:13:51.963+0000] {processor.py:183} INFO - Processing /opt/airflow/dags/nasa_pipeline_dag.py took 0.463 seconds
[2025-02-16T16:14:22.454+0000] {processor.py:161} INFO - Started process (PID=2117) to work on /opt/airflow/dags/nasa_pipeline_dag.py
[2025-02-16T16:14:22.455+0000] {processor.py:830} INFO - Processing file /opt/airflow/dags/nasa_pipeline_dag.py for tasks to queue
[2025-02-16T16:14:22.456+0000] {logging_mixin.py:188} INFO - [2025-02-16T16:14:22.456+0000] {dagbag.py:545} INFO - Filling up the DagBag from /opt/airflow/dags/nasa_pipeline_dag.py
[2025-02-16T16:14:22.873+0000] {processor.py:840} INFO - DAG(s) 'nasa_apod_pipeline' retrieved from /opt/airflow/dags/nasa_pipeline_dag.py
[2025-02-16T16:14:22.888+0000] {logging_mixin.py:188} INFO - [2025-02-16T16:14:22.887+0000] {dag.py:3096} INFO - Sync 1 DAGs
[2025-02-16T16:14:22.907+0000] {logging_mixin.py:188} INFO - [2025-02-16T16:14:22.906+0000] {dag.py:3954} INFO - Setting next_dagrun for nasa_apod_pipeline to 2025-02-16 12:00:00+00:00, run_after=2025-02-17 12:00:00+00:00
[2025-02-16T16:14:22.924+0000] {processor.py:183} INFO - Processing /opt/airflow/dags/nasa_pipeline_dag.py took 0.475 seconds
[2025-02-16T16:14:53.412+0000] {processor.py:161} INFO - Started process (PID=2128) to work on /opt/airflow/dags/nasa_pipeline_dag.py
[2025-02-16T16:14:53.413+0000] {processor.py:830} INFO - Processing file /opt/airflow/dags/nasa_pipeline_dag.py for tasks to queue
[2025-02-16T16:14:53.414+0000] {logging_mixin.py:188} INFO - [2025-02-16T16:14:53.414+0000] {dagbag.py:545} INFO - Filling up the DagBag from /opt/airflow/dags/nasa_pipeline_dag.py
[2025-02-16T16:14:53.797+0000] {processor.py:840} INFO - DAG(s) 'nasa_apod_pipeline' retrieved from /opt/airflow/dags/nasa_pipeline_dag.py
[2025-02-16T16:14:53.811+0000] {logging_mixin.py:188} INFO - [2025-02-16T16:14:53.811+0000] {dag.py:3096} INFO - Sync 1 DAGs
[2025-02-16T16:14:53.828+0000] {logging_mixin.py:188} INFO - [2025-02-16T16:14:53.827+0000] {dag.py:3954} INFO - Setting next_dagrun for nasa_apod_pipeline to 2025-02-16 12:00:00+00:00, run_after=2025-02-17 12:00:00+00:00
[2025-02-16T16:14:53.844+0000] {processor.py:183} INFO - Processing /opt/airflow/dags/nasa_pipeline_dag.py took 0.437 seconds
[2025-02-16T16:15:24.175+0000] {processor.py:161} INFO - Started process (PID=2139) to work on /opt/airflow/dags/nasa_pipeline_dag.py
[2025-02-16T16:15:24.176+0000] {processor.py:830} INFO - Processing file /opt/airflow/dags/nasa_pipeline_dag.py for tasks to queue
[2025-02-16T16:15:24.177+0000] {logging_mixin.py:188} INFO - [2025-02-16T16:15:24.177+0000] {dagbag.py:545} INFO - Filling up the DagBag from /opt/airflow/dags/nasa_pipeline_dag.py
[2025-02-16T16:15:24.612+0000] {processor.py:840} INFO - DAG(s) 'nasa_apod_pipeline' retrieved from /opt/airflow/dags/nasa_pipeline_dag.py
[2025-02-16T16:15:24.627+0000] {logging_mixin.py:188} INFO - [2025-02-16T16:15:24.626+0000] {dag.py:3096} INFO - Sync 1 DAGs
[2025-02-16T16:15:24.644+0000] {logging_mixin.py:188} INFO - [2025-02-16T16:15:24.644+0000] {dag.py:3954} INFO - Setting next_dagrun for nasa_apod_pipeline to 2025-02-16 12:00:00+00:00, run_after=2025-02-17 12:00:00+00:00
[2025-02-16T16:15:24.660+0000] {processor.py:183} INFO - Processing /opt/airflow/dags/nasa_pipeline_dag.py took 0.490 seconds
[2025-02-16T16:15:55.025+0000] {processor.py:161} INFO - Started process (PID=2150) to work on /opt/airflow/dags/nasa_pipeline_dag.py
[2025-02-16T16:15:55.026+0000] {processor.py:830} INFO - Processing file /opt/airflow/dags/nasa_pipeline_dag.py for tasks to queue
[2025-02-16T16:15:55.027+0000] {logging_mixin.py:188} INFO - [2025-02-16T16:15:55.027+0000] {dagbag.py:545} INFO - Filling up the DagBag from /opt/airflow/dags/nasa_pipeline_dag.py
[2025-02-16T16:15:55.429+0000] {processor.py:840} INFO - DAG(s) 'nasa_apod_pipeline' retrieved from /opt/airflow/dags/nasa_pipeline_dag.py
[2025-02-16T16:15:55.443+0000] {logging_mixin.py:188} INFO - [2025-02-16T16:15:55.443+0000] {dag.py:3096} INFO - Sync 1 DAGs
[2025-02-16T16:15:55.460+0000] {logging_mixin.py:188} INFO - [2025-02-16T16:15:55.460+0000] {dag.py:3954} INFO - Setting next_dagrun for nasa_apod_pipeline to 2025-02-16 12:00:00+00:00, run_after=2025-02-17 12:00:00+00:00
[2025-02-16T16:15:55.477+0000] {processor.py:183} INFO - Processing /opt/airflow/dags/nasa_pipeline_dag.py took 0.458 seconds
[2025-02-16T16:16:25.755+0000] {processor.py:161} INFO - Started process (PID=2161) to work on /opt/airflow/dags/nasa_pipeline_dag.py
[2025-02-16T16:16:25.756+0000] {processor.py:830} INFO - Processing file /opt/airflow/dags/nasa_pipeline_dag.py for tasks to queue
[2025-02-16T16:16:25.757+0000] {logging_mixin.py:188} INFO - [2025-02-16T16:16:25.757+0000] {dagbag.py:545} INFO - Filling up the DagBag from /opt/airflow/dags/nasa_pipeline_dag.py
[2025-02-16T16:16:26.181+0000] {processor.py:840} INFO - DAG(s) 'nasa_apod_pipeline' retrieved from /opt/airflow/dags/nasa_pipeline_dag.py
[2025-02-16T16:16:26.195+0000] {logging_mixin.py:188} INFO - [2025-02-16T16:16:26.195+0000] {dag.py:3096} INFO - Sync 1 DAGs
[2025-02-16T16:16:26.214+0000] {logging_mixin.py:188} INFO - [2025-02-16T16:16:26.213+0000] {dag.py:3954} INFO - Setting next_dagrun for nasa_apod_pipeline to 2025-02-16 12:00:00+00:00, run_after=2025-02-17 12:00:00+00:00
[2025-02-16T16:16:26.230+0000] {processor.py:183} INFO - Processing /opt/airflow/dags/nasa_pipeline_dag.py took 0.481 seconds
[2025-02-16T16:16:56.342+0000] {processor.py:161} INFO - Started process (PID=2172) to work on /opt/airflow/dags/nasa_pipeline_dag.py
[2025-02-16T16:16:56.343+0000] {processor.py:830} INFO - Processing file /opt/airflow/dags/nasa_pipeline_dag.py for tasks to queue
[2025-02-16T16:16:56.344+0000] {logging_mixin.py:188} INFO - [2025-02-16T16:16:56.344+0000] {dagbag.py:545} INFO - Filling up the DagBag from /opt/airflow/dags/nasa_pipeline_dag.py
[2025-02-16T16:16:56.743+0000] {processor.py:840} INFO - DAG(s) 'nasa_apod_pipeline' retrieved from /opt/airflow/dags/nasa_pipeline_dag.py
[2025-02-16T16:16:56.758+0000] {logging_mixin.py:188} INFO - [2025-02-16T16:16:56.758+0000] {dag.py:3096} INFO - Sync 1 DAGs
[2025-02-16T16:16:56.775+0000] {logging_mixin.py:188} INFO - [2025-02-16T16:16:56.774+0000] {dag.py:3954} INFO - Setting next_dagrun for nasa_apod_pipeline to 2025-02-16 12:00:00+00:00, run_after=2025-02-17 12:00:00+00:00
[2025-02-16T16:16:56.795+0000] {processor.py:183} INFO - Processing /opt/airflow/dags/nasa_pipeline_dag.py took 0.458 seconds
[2025-02-16T16:17:27.344+0000] {processor.py:161} INFO - Started process (PID=2183) to work on /opt/airflow/dags/nasa_pipeline_dag.py
[2025-02-16T16:17:27.345+0000] {processor.py:830} INFO - Processing file /opt/airflow/dags/nasa_pipeline_dag.py for tasks to queue
[2025-02-16T16:17:27.346+0000] {logging_mixin.py:188} INFO - [2025-02-16T16:17:27.345+0000] {dagbag.py:545} INFO - Filling up the DagBag from /opt/airflow/dags/nasa_pipeline_dag.py
[2025-02-16T16:17:27.726+0000] {processor.py:840} INFO - DAG(s) 'nasa_apod_pipeline' retrieved from /opt/airflow/dags/nasa_pipeline_dag.py
[2025-02-16T16:17:27.740+0000] {logging_mixin.py:188} INFO - [2025-02-16T16:17:27.739+0000] {dag.py:3096} INFO - Sync 1 DAGs
[2025-02-16T16:17:27.756+0000] {logging_mixin.py:188} INFO - [2025-02-16T16:17:27.756+0000] {dag.py:3954} INFO - Setting next_dagrun for nasa_apod_pipeline to 2025-02-16 12:00:00+00:00, run_after=2025-02-17 12:00:00+00:00
[2025-02-16T16:17:27.772+0000] {processor.py:183} INFO - Processing /opt/airflow/dags/nasa_pipeline_dag.py took 0.435 seconds
[2025-02-16T16:17:58.206+0000] {processor.py:161} INFO - Started process (PID=2194) to work on /opt/airflow/dags/nasa_pipeline_dag.py
[2025-02-16T16:17:58.207+0000] {processor.py:830} INFO - Processing file /opt/airflow/dags/nasa_pipeline_dag.py for tasks to queue
[2025-02-16T16:17:58.208+0000] {logging_mixin.py:188} INFO - [2025-02-16T16:17:58.208+0000] {dagbag.py:545} INFO - Filling up the DagBag from /opt/airflow/dags/nasa_pipeline_dag.py
[2025-02-16T16:17:58.643+0000] {processor.py:840} INFO - DAG(s) 'nasa_apod_pipeline' retrieved from /opt/airflow/dags/nasa_pipeline_dag.py
[2025-02-16T16:17:58.657+0000] {logging_mixin.py:188} INFO - [2025-02-16T16:17:58.657+0000] {dag.py:3096} INFO - Sync 1 DAGs
[2025-02-16T16:17:58.674+0000] {logging_mixin.py:188} INFO - [2025-02-16T16:17:58.674+0000] {dag.py:3954} INFO - Setting next_dagrun for nasa_apod_pipeline to 2025-02-16 12:00:00+00:00, run_after=2025-02-17 12:00:00+00:00
[2025-02-16T16:17:58.692+0000] {processor.py:183} INFO - Processing /opt/airflow/dags/nasa_pipeline_dag.py took 0.491 seconds
[2025-02-16T16:18:29.238+0000] {processor.py:161} INFO - Started process (PID=2205) to work on /opt/airflow/dags/nasa_pipeline_dag.py
[2025-02-16T16:18:29.239+0000] {processor.py:830} INFO - Processing file /opt/airflow/dags/nasa_pipeline_dag.py for tasks to queue
[2025-02-16T16:18:29.240+0000] {logging_mixin.py:188} INFO - [2025-02-16T16:18:29.240+0000] {dagbag.py:545} INFO - Filling up the DagBag from /opt/airflow/dags/nasa_pipeline_dag.py
[2025-02-16T16:18:29.644+0000] {processor.py:840} INFO - DAG(s) 'nasa_apod_pipeline' retrieved from /opt/airflow/dags/nasa_pipeline_dag.py
[2025-02-16T16:18:29.659+0000] {logging_mixin.py:188} INFO - [2025-02-16T16:18:29.658+0000] {dag.py:3096} INFO - Sync 1 DAGs
[2025-02-16T16:18:29.677+0000] {logging_mixin.py:188} INFO - [2025-02-16T16:18:29.677+0000] {dag.py:3954} INFO - Setting next_dagrun for nasa_apod_pipeline to 2025-02-16 12:00:00+00:00, run_after=2025-02-17 12:00:00+00:00
[2025-02-16T16:18:29.693+0000] {processor.py:183} INFO - Processing /opt/airflow/dags/nasa_pipeline_dag.py took 0.460 seconds
[2025-02-16T16:19:00.211+0000] {processor.py:161} INFO - Started process (PID=2217) to work on /opt/airflow/dags/nasa_pipeline_dag.py
[2025-02-16T16:19:00.212+0000] {processor.py:830} INFO - Processing file /opt/airflow/dags/nasa_pipeline_dag.py for tasks to queue
[2025-02-16T16:19:00.213+0000] {logging_mixin.py:188} INFO - [2025-02-16T16:19:00.213+0000] {dagbag.py:545} INFO - Filling up the DagBag from /opt/airflow/dags/nasa_pipeline_dag.py
[2025-02-16T16:19:00.612+0000] {processor.py:840} INFO - DAG(s) 'nasa_apod_pipeline' retrieved from /opt/airflow/dags/nasa_pipeline_dag.py
[2025-02-16T16:19:00.636+0000] {logging_mixin.py:188} INFO - [2025-02-16T16:19:00.636+0000] {dag.py:3096} INFO - Sync 1 DAGs
[2025-02-16T16:19:00.668+0000] {logging_mixin.py:188} INFO - [2025-02-16T16:19:00.667+0000] {dag.py:3954} INFO - Setting next_dagrun for nasa_apod_pipeline to 2025-02-16 12:00:00+00:00, run_after=2025-02-17 12:00:00+00:00
[2025-02-16T16:19:00.686+0000] {processor.py:183} INFO - Processing /opt/airflow/dags/nasa_pipeline_dag.py took 0.481 seconds
[2025-02-16T16:19:31.230+0000] {processor.py:161} INFO - Started process (PID=2228) to work on /opt/airflow/dags/nasa_pipeline_dag.py
[2025-02-16T16:19:31.231+0000] {processor.py:830} INFO - Processing file /opt/airflow/dags/nasa_pipeline_dag.py for tasks to queue
[2025-02-16T16:19:31.232+0000] {logging_mixin.py:188} INFO - [2025-02-16T16:19:31.232+0000] {dagbag.py:545} INFO - Filling up the DagBag from /opt/airflow/dags/nasa_pipeline_dag.py
[2025-02-16T16:19:31.614+0000] {processor.py:840} INFO - DAG(s) 'nasa_apod_pipeline' retrieved from /opt/airflow/dags/nasa_pipeline_dag.py
[2025-02-16T16:19:31.627+0000] {logging_mixin.py:188} INFO - [2025-02-16T16:19:31.627+0000] {dag.py:3096} INFO - Sync 1 DAGs
[2025-02-16T16:19:31.643+0000] {logging_mixin.py:188} INFO - [2025-02-16T16:19:31.643+0000] {dag.py:3954} INFO - Setting next_dagrun for nasa_apod_pipeline to 2025-02-16 12:00:00+00:00, run_after=2025-02-17 12:00:00+00:00
[2025-02-16T16:19:31.659+0000] {processor.py:183} INFO - Processing /opt/airflow/dags/nasa_pipeline_dag.py took 0.434 seconds
[2025-02-16T16:20:02.017+0000] {processor.py:161} INFO - Started process (PID=2239) to work on /opt/airflow/dags/nasa_pipeline_dag.py
[2025-02-16T16:20:02.018+0000] {processor.py:830} INFO - Processing file /opt/airflow/dags/nasa_pipeline_dag.py for tasks to queue
[2025-02-16T16:20:02.019+0000] {logging_mixin.py:188} INFO - [2025-02-16T16:20:02.019+0000] {dagbag.py:545} INFO - Filling up the DagBag from /opt/airflow/dags/nasa_pipeline_dag.py
[2025-02-16T16:20:02.447+0000] {processor.py:840} INFO - DAG(s) 'nasa_apod_pipeline' retrieved from /opt/airflow/dags/nasa_pipeline_dag.py
[2025-02-16T16:20:02.460+0000] {logging_mixin.py:188} INFO - [2025-02-16T16:20:02.460+0000] {dag.py:3096} INFO - Sync 1 DAGs
[2025-02-16T16:20:02.477+0000] {logging_mixin.py:188} INFO - [2025-02-16T16:20:02.476+0000] {dag.py:3954} INFO - Setting next_dagrun for nasa_apod_pipeline to 2025-02-16 12:00:00+00:00, run_after=2025-02-17 12:00:00+00:00
[2025-02-16T16:20:02.493+0000] {processor.py:183} INFO - Processing /opt/airflow/dags/nasa_pipeline_dag.py took 0.482 seconds
[2025-02-16T16:20:32.957+0000] {processor.py:161} INFO - Started process (PID=2250) to work on /opt/airflow/dags/nasa_pipeline_dag.py
[2025-02-16T16:20:32.958+0000] {processor.py:830} INFO - Processing file /opt/airflow/dags/nasa_pipeline_dag.py for tasks to queue
[2025-02-16T16:20:32.959+0000] {logging_mixin.py:188} INFO - [2025-02-16T16:20:32.959+0000] {dagbag.py:545} INFO - Filling up the DagBag from /opt/airflow/dags/nasa_pipeline_dag.py
[2025-02-16T16:20:33.347+0000] {processor.py:840} INFO - DAG(s) 'nasa_apod_pipeline' retrieved from /opt/airflow/dags/nasa_pipeline_dag.py
[2025-02-16T16:20:33.361+0000] {logging_mixin.py:188} INFO - [2025-02-16T16:20:33.360+0000] {dag.py:3096} INFO - Sync 1 DAGs
[2025-02-16T16:20:33.378+0000] {logging_mixin.py:188} INFO - [2025-02-16T16:20:33.378+0000] {dag.py:3954} INFO - Setting next_dagrun for nasa_apod_pipeline to 2025-02-16 12:00:00+00:00, run_after=2025-02-17 12:00:00+00:00
[2025-02-16T16:20:33.395+0000] {processor.py:183} INFO - Processing /opt/airflow/dags/nasa_pipeline_dag.py took 0.443 seconds
[2025-02-16T16:21:03.937+0000] {processor.py:161} INFO - Started process (PID=2261) to work on /opt/airflow/dags/nasa_pipeline_dag.py
[2025-02-16T16:21:03.938+0000] {processor.py:830} INFO - Processing file /opt/airflow/dags/nasa_pipeline_dag.py for tasks to queue
[2025-02-16T16:21:03.939+0000] {logging_mixin.py:188} INFO - [2025-02-16T16:21:03.939+0000] {dagbag.py:545} INFO - Filling up the DagBag from /opt/airflow/dags/nasa_pipeline_dag.py
[2025-02-16T16:21:04.323+0000] {processor.py:840} INFO - DAG(s) 'nasa_apod_pipeline' retrieved from /opt/airflow/dags/nasa_pipeline_dag.py
[2025-02-16T16:21:04.337+0000] {logging_mixin.py:188} INFO - [2025-02-16T16:21:04.337+0000] {dag.py:3096} INFO - Sync 1 DAGs
[2025-02-16T16:21:04.354+0000] {logging_mixin.py:188} INFO - [2025-02-16T16:21:04.354+0000] {dag.py:3954} INFO - Setting next_dagrun for nasa_apod_pipeline to 2025-02-16 12:00:00+00:00, run_after=2025-02-17 12:00:00+00:00
[2025-02-16T16:21:04.369+0000] {processor.py:183} INFO - Processing /opt/airflow/dags/nasa_pipeline_dag.py took 0.437 seconds
[2025-02-16T16:21:35.114+0000] {processor.py:161} INFO - Started process (PID=2272) to work on /opt/airflow/dags/nasa_pipeline_dag.py
[2025-02-16T16:21:35.115+0000] {processor.py:830} INFO - Processing file /opt/airflow/dags/nasa_pipeline_dag.py for tasks to queue
[2025-02-16T16:21:35.116+0000] {logging_mixin.py:188} INFO - [2025-02-16T16:21:35.116+0000] {dagbag.py:545} INFO - Filling up the DagBag from /opt/airflow/dags/nasa_pipeline_dag.py
[2025-02-16T16:21:35.502+0000] {processor.py:840} INFO - DAG(s) 'nasa_apod_pipeline' retrieved from /opt/airflow/dags/nasa_pipeline_dag.py
[2025-02-16T16:21:35.516+0000] {logging_mixin.py:188} INFO - [2025-02-16T16:21:35.515+0000] {dag.py:3096} INFO - Sync 1 DAGs
[2025-02-16T16:21:35.532+0000] {logging_mixin.py:188} INFO - [2025-02-16T16:21:35.532+0000] {dag.py:3954} INFO - Setting next_dagrun for nasa_apod_pipeline to 2025-02-16 12:00:00+00:00, run_after=2025-02-17 12:00:00+00:00
[2025-02-16T16:21:35.548+0000] {processor.py:183} INFO - Processing /opt/airflow/dags/nasa_pipeline_dag.py took 0.440 seconds
[2025-02-16T16:22:05.798+0000] {processor.py:161} INFO - Started process (PID=2283) to work on /opt/airflow/dags/nasa_pipeline_dag.py
[2025-02-16T16:22:05.799+0000] {processor.py:830} INFO - Processing file /opt/airflow/dags/nasa_pipeline_dag.py for tasks to queue
[2025-02-16T16:22:05.800+0000] {logging_mixin.py:188} INFO - [2025-02-16T16:22:05.799+0000] {dagbag.py:545} INFO - Filling up the DagBag from /opt/airflow/dags/nasa_pipeline_dag.py
[2025-02-16T16:22:06.206+0000] {processor.py:840} INFO - DAG(s) 'nasa_apod_pipeline' retrieved from /opt/airflow/dags/nasa_pipeline_dag.py
[2025-02-16T16:22:06.220+0000] {logging_mixin.py:188} INFO - [2025-02-16T16:22:06.219+0000] {dag.py:3096} INFO - Sync 1 DAGs
[2025-02-16T16:22:06.236+0000] {logging_mixin.py:188} INFO - [2025-02-16T16:22:06.236+0000] {dag.py:3954} INFO - Setting next_dagrun for nasa_apod_pipeline to 2025-02-16 12:00:00+00:00, run_after=2025-02-17 12:00:00+00:00
[2025-02-16T16:22:06.253+0000] {processor.py:183} INFO - Processing /opt/airflow/dags/nasa_pipeline_dag.py took 0.461 seconds
[2025-02-16T16:22:36.661+0000] {processor.py:161} INFO - Started process (PID=2294) to work on /opt/airflow/dags/nasa_pipeline_dag.py
[2025-02-16T16:22:36.662+0000] {processor.py:830} INFO - Processing file /opt/airflow/dags/nasa_pipeline_dag.py for tasks to queue
[2025-02-16T16:22:36.663+0000] {logging_mixin.py:188} INFO - [2025-02-16T16:22:36.663+0000] {dagbag.py:545} INFO - Filling up the DagBag from /opt/airflow/dags/nasa_pipeline_dag.py
[2025-02-16T16:22:37.065+0000] {processor.py:840} INFO - DAG(s) 'nasa_apod_pipeline' retrieved from /opt/airflow/dags/nasa_pipeline_dag.py
[2025-02-16T16:22:37.079+0000] {logging_mixin.py:188} INFO - [2025-02-16T16:22:37.078+0000] {dag.py:3096} INFO - Sync 1 DAGs
[2025-02-16T16:22:37.096+0000] {logging_mixin.py:188} INFO - [2025-02-16T16:22:37.096+0000] {dag.py:3954} INFO - Setting next_dagrun for nasa_apod_pipeline to 2025-02-16 12:00:00+00:00, run_after=2025-02-17 12:00:00+00:00
[2025-02-16T16:22:37.112+0000] {processor.py:183} INFO - Processing /opt/airflow/dags/nasa_pipeline_dag.py took 0.456 seconds
[2025-02-16T16:23:07.437+0000] {processor.py:161} INFO - Started process (PID=2306) to work on /opt/airflow/dags/nasa_pipeline_dag.py
[2025-02-16T16:23:07.438+0000] {processor.py:830} INFO - Processing file /opt/airflow/dags/nasa_pipeline_dag.py for tasks to queue
[2025-02-16T16:23:07.439+0000] {logging_mixin.py:188} INFO - [2025-02-16T16:23:07.439+0000] {dagbag.py:545} INFO - Filling up the DagBag from /opt/airflow/dags/nasa_pipeline_dag.py
[2025-02-16T16:23:07.836+0000] {processor.py:840} INFO - DAG(s) 'nasa_apod_pipeline' retrieved from /opt/airflow/dags/nasa_pipeline_dag.py
[2025-02-16T16:23:07.850+0000] {logging_mixin.py:188} INFO - [2025-02-16T16:23:07.850+0000] {dag.py:3096} INFO - Sync 1 DAGs
[2025-02-16T16:23:07.867+0000] {logging_mixin.py:188} INFO - [2025-02-16T16:23:07.866+0000] {dag.py:3954} INFO - Setting next_dagrun for nasa_apod_pipeline to 2025-02-16 12:00:00+00:00, run_after=2025-02-17 12:00:00+00:00
[2025-02-16T16:23:07.883+0000] {processor.py:183} INFO - Processing /opt/airflow/dags/nasa_pipeline_dag.py took 0.451 seconds
[2025-02-16T16:23:38.420+0000] {processor.py:161} INFO - Started process (PID=2317) to work on /opt/airflow/dags/nasa_pipeline_dag.py
[2025-02-16T16:23:38.421+0000] {processor.py:830} INFO - Processing file /opt/airflow/dags/nasa_pipeline_dag.py for tasks to queue
[2025-02-16T16:23:38.422+0000] {logging_mixin.py:188} INFO - [2025-02-16T16:23:38.422+0000] {dagbag.py:545} INFO - Filling up the DagBag from /opt/airflow/dags/nasa_pipeline_dag.py
[2025-02-16T16:23:38.806+0000] {processor.py:840} INFO - DAG(s) 'nasa_apod_pipeline' retrieved from /opt/airflow/dags/nasa_pipeline_dag.py
[2025-02-16T16:23:38.820+0000] {logging_mixin.py:188} INFO - [2025-02-16T16:23:38.819+0000] {dag.py:3096} INFO - Sync 1 DAGs
[2025-02-16T16:23:38.836+0000] {logging_mixin.py:188} INFO - [2025-02-16T16:23:38.836+0000] {dag.py:3954} INFO - Setting next_dagrun for nasa_apod_pipeline to 2025-02-16 12:00:00+00:00, run_after=2025-02-17 12:00:00+00:00
[2025-02-16T16:23:38.852+0000] {processor.py:183} INFO - Processing /opt/airflow/dags/nasa_pipeline_dag.py took 0.438 seconds
[2025-02-16T16:24:09.334+0000] {processor.py:161} INFO - Started process (PID=2328) to work on /opt/airflow/dags/nasa_pipeline_dag.py
[2025-02-16T16:24:09.335+0000] {processor.py:830} INFO - Processing file /opt/airflow/dags/nasa_pipeline_dag.py for tasks to queue
[2025-02-16T16:24:09.336+0000] {logging_mixin.py:188} INFO - [2025-02-16T16:24:09.336+0000] {dagbag.py:545} INFO - Filling up the DagBag from /opt/airflow/dags/nasa_pipeline_dag.py
[2025-02-16T16:24:09.749+0000] {processor.py:840} INFO - DAG(s) 'nasa_apod_pipeline' retrieved from /opt/airflow/dags/nasa_pipeline_dag.py
[2025-02-16T16:24:09.764+0000] {logging_mixin.py:188} INFO - [2025-02-16T16:24:09.763+0000] {dag.py:3096} INFO - Sync 1 DAGs
[2025-02-16T16:24:09.783+0000] {logging_mixin.py:188} INFO - [2025-02-16T16:24:09.783+0000] {dag.py:3954} INFO - Setting next_dagrun for nasa_apod_pipeline to 2025-02-16 12:00:00+00:00, run_after=2025-02-17 12:00:00+00:00
[2025-02-16T16:24:09.801+0000] {processor.py:183} INFO - Processing /opt/airflow/dags/nasa_pipeline_dag.py took 0.473 seconds
[2025-02-16T16:24:40.212+0000] {processor.py:161} INFO - Started process (PID=2339) to work on /opt/airflow/dags/nasa_pipeline_dag.py
[2025-02-16T16:24:40.213+0000] {processor.py:830} INFO - Processing file /opt/airflow/dags/nasa_pipeline_dag.py for tasks to queue
[2025-02-16T16:24:40.214+0000] {logging_mixin.py:188} INFO - [2025-02-16T16:24:40.214+0000] {dagbag.py:545} INFO - Filling up the DagBag from /opt/airflow/dags/nasa_pipeline_dag.py
[2025-02-16T16:24:40.630+0000] {processor.py:840} INFO - DAG(s) 'nasa_apod_pipeline' retrieved from /opt/airflow/dags/nasa_pipeline_dag.py
[2025-02-16T16:24:40.644+0000] {logging_mixin.py:188} INFO - [2025-02-16T16:24:40.644+0000] {dag.py:3096} INFO - Sync 1 DAGs
[2025-02-16T16:24:40.663+0000] {logging_mixin.py:188} INFO - [2025-02-16T16:24:40.663+0000] {dag.py:3954} INFO - Setting next_dagrun for nasa_apod_pipeline to 2025-02-16 12:00:00+00:00, run_after=2025-02-17 12:00:00+00:00
[2025-02-16T16:24:40.696+0000] {processor.py:183} INFO - Processing /opt/airflow/dags/nasa_pipeline_dag.py took 0.489 seconds
[2025-02-16T16:25:11.146+0000] {processor.py:161} INFO - Started process (PID=2350) to work on /opt/airflow/dags/nasa_pipeline_dag.py
[2025-02-16T16:25:11.148+0000] {processor.py:830} INFO - Processing file /opt/airflow/dags/nasa_pipeline_dag.py for tasks to queue
[2025-02-16T16:25:11.149+0000] {logging_mixin.py:188} INFO - [2025-02-16T16:25:11.148+0000] {dagbag.py:545} INFO - Filling up the DagBag from /opt/airflow/dags/nasa_pipeline_dag.py
[2025-02-16T16:25:11.567+0000] {processor.py:840} INFO - DAG(s) 'nasa_apod_pipeline' retrieved from /opt/airflow/dags/nasa_pipeline_dag.py
[2025-02-16T16:25:11.582+0000] {logging_mixin.py:188} INFO - [2025-02-16T16:25:11.581+0000] {dag.py:3096} INFO - Sync 1 DAGs
[2025-02-16T16:25:11.599+0000] {logging_mixin.py:188} INFO - [2025-02-16T16:25:11.598+0000] {dag.py:3954} INFO - Setting next_dagrun for nasa_apod_pipeline to 2025-02-16 12:00:00+00:00, run_after=2025-02-17 12:00:00+00:00
[2025-02-16T16:25:11.614+0000] {processor.py:183} INFO - Processing /opt/airflow/dags/nasa_pipeline_dag.py took 0.473 seconds
[2025-02-16T16:25:14.167+0000] {processor.py:161} INFO - Started process (PID=2352) to work on /opt/airflow/dags/nasa_pipeline_dag.py
[2025-02-16T16:25:14.168+0000] {processor.py:830} INFO - Processing file /opt/airflow/dags/nasa_pipeline_dag.py for tasks to queue
[2025-02-16T16:25:14.169+0000] {logging_mixin.py:188} INFO - [2025-02-16T16:25:14.169+0000] {dagbag.py:545} INFO - Filling up the DagBag from /opt/airflow/dags/nasa_pipeline_dag.py
[2025-02-16T16:25:14.628+0000] {processor.py:840} INFO - DAG(s) 'nasa_apod_pipeline' retrieved from /opt/airflow/dags/nasa_pipeline_dag.py
[2025-02-16T16:25:14.643+0000] {logging_mixin.py:188} INFO - [2025-02-16T16:25:14.643+0000] {dag.py:3096} INFO - Sync 1 DAGs
[2025-02-16T16:25:14.661+0000] {logging_mixin.py:188} INFO - [2025-02-16T16:25:14.661+0000] {dag.py:3954} INFO - Setting next_dagrun for nasa_apod_pipeline to 2025-02-16 12:00:00+00:00, run_after=2025-02-17 12:00:00+00:00
[2025-02-16T16:25:14.684+0000] {processor.py:183} INFO - Processing /opt/airflow/dags/nasa_pipeline_dag.py took 0.523 seconds
[2025-02-16T16:25:45.179+0000] {processor.py:161} INFO - Started process (PID=2369) to work on /opt/airflow/dags/nasa_pipeline_dag.py
[2025-02-16T16:25:45.180+0000] {processor.py:830} INFO - Processing file /opt/airflow/dags/nasa_pipeline_dag.py for tasks to queue
[2025-02-16T16:25:45.181+0000] {logging_mixin.py:188} INFO - [2025-02-16T16:25:45.181+0000] {dagbag.py:545} INFO - Filling up the DagBag from /opt/airflow/dags/nasa_pipeline_dag.py
[2025-02-16T16:25:45.646+0000] {processor.py:840} INFO - DAG(s) 'nasa_apod_pipeline' retrieved from /opt/airflow/dags/nasa_pipeline_dag.py
[2025-02-16T16:25:45.662+0000] {logging_mixin.py:188} INFO - [2025-02-16T16:25:45.662+0000] {dag.py:3096} INFO - Sync 1 DAGs
[2025-02-16T16:25:45.684+0000] {logging_mixin.py:188} INFO - [2025-02-16T16:25:45.683+0000] {dag.py:3954} INFO - Setting next_dagrun for nasa_apod_pipeline to 2025-02-16 12:00:00+00:00, run_after=2025-02-17 12:00:00+00:00
[2025-02-16T16:25:45.701+0000] {processor.py:183} INFO - Processing /opt/airflow/dags/nasa_pipeline_dag.py took 0.528 seconds
[2025-02-16T16:26:16.027+0000] {processor.py:161} INFO - Started process (PID=2380) to work on /opt/airflow/dags/nasa_pipeline_dag.py
[2025-02-16T16:26:16.028+0000] {processor.py:830} INFO - Processing file /opt/airflow/dags/nasa_pipeline_dag.py for tasks to queue
[2025-02-16T16:26:16.029+0000] {logging_mixin.py:188} INFO - [2025-02-16T16:26:16.028+0000] {dagbag.py:545} INFO - Filling up the DagBag from /opt/airflow/dags/nasa_pipeline_dag.py
[2025-02-16T16:26:16.433+0000] {processor.py:840} INFO - DAG(s) 'nasa_apod_pipeline' retrieved from /opt/airflow/dags/nasa_pipeline_dag.py
[2025-02-16T16:26:16.447+0000] {logging_mixin.py:188} INFO - [2025-02-16T16:26:16.447+0000] {dag.py:3096} INFO - Sync 1 DAGs
[2025-02-16T16:26:16.465+0000] {logging_mixin.py:188} INFO - [2025-02-16T16:26:16.465+0000] {dag.py:3954} INFO - Setting next_dagrun for nasa_apod_pipeline to 2025-02-16 12:00:00+00:00, run_after=2025-02-17 12:00:00+00:00
[2025-02-16T16:26:16.483+0000] {processor.py:183} INFO - Processing /opt/airflow/dags/nasa_pipeline_dag.py took 0.461 seconds
[2025-02-16T16:26:46.912+0000] {processor.py:161} INFO - Started process (PID=2391) to work on /opt/airflow/dags/nasa_pipeline_dag.py
[2025-02-16T16:26:46.913+0000] {processor.py:830} INFO - Processing file /opt/airflow/dags/nasa_pipeline_dag.py for tasks to queue
[2025-02-16T16:26:46.914+0000] {logging_mixin.py:188} INFO - [2025-02-16T16:26:46.914+0000] {dagbag.py:545} INFO - Filling up the DagBag from /opt/airflow/dags/nasa_pipeline_dag.py
[2025-02-16T16:26:47.325+0000] {processor.py:840} INFO - DAG(s) 'nasa_apod_pipeline' retrieved from /opt/airflow/dags/nasa_pipeline_dag.py
[2025-02-16T16:26:47.340+0000] {logging_mixin.py:188} INFO - [2025-02-16T16:26:47.340+0000] {dag.py:3096} INFO - Sync 1 DAGs
[2025-02-16T16:26:47.361+0000] {logging_mixin.py:188} INFO - [2025-02-16T16:26:47.360+0000] {dag.py:3954} INFO - Setting next_dagrun for nasa_apod_pipeline to 2025-02-16 12:00:00+00:00, run_after=2025-02-17 12:00:00+00:00
[2025-02-16T16:26:47.381+0000] {processor.py:183} INFO - Processing /opt/airflow/dags/nasa_pipeline_dag.py took 0.475 seconds
[2025-02-16T16:27:17.462+0000] {processor.py:161} INFO - Started process (PID=2402) to work on /opt/airflow/dags/nasa_pipeline_dag.py
[2025-02-16T16:27:17.463+0000] {processor.py:830} INFO - Processing file /opt/airflow/dags/nasa_pipeline_dag.py for tasks to queue
[2025-02-16T16:27:17.464+0000] {logging_mixin.py:188} INFO - [2025-02-16T16:27:17.464+0000] {dagbag.py:545} INFO - Filling up the DagBag from /opt/airflow/dags/nasa_pipeline_dag.py
[2025-02-16T16:27:17.860+0000] {processor.py:840} INFO - DAG(s) 'nasa_apod_pipeline' retrieved from /opt/airflow/dags/nasa_pipeline_dag.py
[2025-02-16T16:27:17.874+0000] {logging_mixin.py:188} INFO - [2025-02-16T16:27:17.874+0000] {dag.py:3096} INFO - Sync 1 DAGs
[2025-02-16T16:27:17.891+0000] {logging_mixin.py:188} INFO - [2025-02-16T16:27:17.891+0000] {dag.py:3954} INFO - Setting next_dagrun for nasa_apod_pipeline to 2025-02-16 12:00:00+00:00, run_after=2025-02-17 12:00:00+00:00
[2025-02-16T16:27:17.908+0000] {processor.py:183} INFO - Processing /opt/airflow/dags/nasa_pipeline_dag.py took 0.459 seconds
[2025-02-16T16:27:48.334+0000] {processor.py:161} INFO - Started process (PID=2413) to work on /opt/airflow/dags/nasa_pipeline_dag.py
[2025-02-16T16:27:48.337+0000] {processor.py:830} INFO - Processing file /opt/airflow/dags/nasa_pipeline_dag.py for tasks to queue
[2025-02-16T16:27:48.339+0000] {logging_mixin.py:188} INFO - [2025-02-16T16:27:48.338+0000] {dagbag.py:545} INFO - Filling up the DagBag from /opt/airflow/dags/nasa_pipeline_dag.py
[2025-02-16T16:27:48.738+0000] {processor.py:840} INFO - DAG(s) 'nasa_apod_pipeline' retrieved from /opt/airflow/dags/nasa_pipeline_dag.py
[2025-02-16T16:27:48.754+0000] {logging_mixin.py:188} INFO - [2025-02-16T16:27:48.753+0000] {dag.py:3096} INFO - Sync 1 DAGs
[2025-02-16T16:27:48.771+0000] {logging_mixin.py:188} INFO - [2025-02-16T16:27:48.771+0000] {dag.py:3954} INFO - Setting next_dagrun for nasa_apod_pipeline to 2025-02-16 12:00:00+00:00, run_after=2025-02-17 12:00:00+00:00
[2025-02-16T16:27:48.789+0000] {processor.py:183} INFO - Processing /opt/airflow/dags/nasa_pipeline_dag.py took 0.461 seconds
[2025-02-16T16:28:19.191+0000] {processor.py:161} INFO - Started process (PID=2424) to work on /opt/airflow/dags/nasa_pipeline_dag.py
[2025-02-16T16:28:19.192+0000] {processor.py:830} INFO - Processing file /opt/airflow/dags/nasa_pipeline_dag.py for tasks to queue
[2025-02-16T16:28:19.194+0000] {logging_mixin.py:188} INFO - [2025-02-16T16:28:19.193+0000] {dagbag.py:545} INFO - Filling up the DagBag from /opt/airflow/dags/nasa_pipeline_dag.py
[2025-02-16T16:28:19.600+0000] {processor.py:840} INFO - DAG(s) 'nasa_apod_pipeline' retrieved from /opt/airflow/dags/nasa_pipeline_dag.py
[2025-02-16T16:28:19.615+0000] {logging_mixin.py:188} INFO - [2025-02-16T16:28:19.615+0000] {dag.py:3096} INFO - Sync 1 DAGs
[2025-02-16T16:28:19.632+0000] {logging_mixin.py:188} INFO - [2025-02-16T16:28:19.632+0000] {dag.py:3954} INFO - Setting next_dagrun for nasa_apod_pipeline to 2025-02-16 12:00:00+00:00, run_after=2025-02-17 12:00:00+00:00
[2025-02-16T16:28:19.652+0000] {processor.py:183} INFO - Processing /opt/airflow/dags/nasa_pipeline_dag.py took 0.466 seconds
[2025-02-16T16:28:50.055+0000] {processor.py:161} INFO - Started process (PID=2435) to work on /opt/airflow/dags/nasa_pipeline_dag.py
[2025-02-16T16:28:50.056+0000] {processor.py:830} INFO - Processing file /opt/airflow/dags/nasa_pipeline_dag.py for tasks to queue
[2025-02-16T16:28:50.057+0000] {logging_mixin.py:188} INFO - [2025-02-16T16:28:50.057+0000] {dagbag.py:545} INFO - Filling up the DagBag from /opt/airflow/dags/nasa_pipeline_dag.py
[2025-02-16T16:28:50.481+0000] {processor.py:840} INFO - DAG(s) 'nasa_apod_pipeline' retrieved from /opt/airflow/dags/nasa_pipeline_dag.py
[2025-02-16T16:28:50.495+0000] {logging_mixin.py:188} INFO - [2025-02-16T16:28:50.495+0000] {dag.py:3096} INFO - Sync 1 DAGs
[2025-02-16T16:28:50.514+0000] {logging_mixin.py:188} INFO - [2025-02-16T16:28:50.513+0000] {dag.py:3954} INFO - Setting next_dagrun for nasa_apod_pipeline to 2025-02-16 12:00:00+00:00, run_after=2025-02-17 12:00:00+00:00
[2025-02-16T16:28:50.532+0000] {processor.py:183} INFO - Processing /opt/airflow/dags/nasa_pipeline_dag.py took 0.483 seconds
[2025-02-16T16:29:21.058+0000] {processor.py:161} INFO - Started process (PID=2446) to work on /opt/airflow/dags/nasa_pipeline_dag.py
[2025-02-16T16:29:21.059+0000] {processor.py:830} INFO - Processing file /opt/airflow/dags/nasa_pipeline_dag.py for tasks to queue
[2025-02-16T16:29:21.060+0000] {logging_mixin.py:188} INFO - [2025-02-16T16:29:21.060+0000] {dagbag.py:545} INFO - Filling up the DagBag from /opt/airflow/dags/nasa_pipeline_dag.py
[2025-02-16T16:29:21.530+0000] {processor.py:840} INFO - DAG(s) 'nasa_apod_pipeline' retrieved from /opt/airflow/dags/nasa_pipeline_dag.py
[2025-02-16T16:29:21.544+0000] {logging_mixin.py:188} INFO - [2025-02-16T16:29:21.544+0000] {dag.py:3096} INFO - Sync 1 DAGs
[2025-02-16T16:29:21.565+0000] {logging_mixin.py:188} INFO - [2025-02-16T16:29:21.565+0000] {dag.py:3954} INFO - Setting next_dagrun for nasa_apod_pipeline to 2025-02-16 12:00:00+00:00, run_after=2025-02-17 12:00:00+00:00
[2025-02-16T16:29:21.585+0000] {processor.py:183} INFO - Processing /opt/airflow/dags/nasa_pipeline_dag.py took 0.532 seconds
[2025-02-16T16:29:51.855+0000] {processor.py:161} INFO - Started process (PID=2457) to work on /opt/airflow/dags/nasa_pipeline_dag.py
[2025-02-16T16:29:51.856+0000] {processor.py:830} INFO - Processing file /opt/airflow/dags/nasa_pipeline_dag.py for tasks to queue
[2025-02-16T16:29:51.858+0000] {logging_mixin.py:188} INFO - [2025-02-16T16:29:51.857+0000] {dagbag.py:545} INFO - Filling up the DagBag from /opt/airflow/dags/nasa_pipeline_dag.py
[2025-02-16T16:29:52.274+0000] {processor.py:840} INFO - DAG(s) 'nasa_apod_pipeline' retrieved from /opt/airflow/dags/nasa_pipeline_dag.py
[2025-02-16T16:29:52.289+0000] {logging_mixin.py:188} INFO - [2025-02-16T16:29:52.288+0000] {dag.py:3096} INFO - Sync 1 DAGs
[2025-02-16T16:29:52.307+0000] {logging_mixin.py:188} INFO - [2025-02-16T16:29:52.306+0000] {dag.py:3954} INFO - Setting next_dagrun for nasa_apod_pipeline to 2025-02-16 12:00:00+00:00, run_after=2025-02-17 12:00:00+00:00
[2025-02-16T16:29:52.326+0000] {processor.py:183} INFO - Processing /opt/airflow/dags/nasa_pipeline_dag.py took 0.476 seconds
[2025-02-16T16:30:22.627+0000] {processor.py:161} INFO - Started process (PID=2468) to work on /opt/airflow/dags/nasa_pipeline_dag.py
[2025-02-16T16:30:22.628+0000] {processor.py:830} INFO - Processing file /opt/airflow/dags/nasa_pipeline_dag.py for tasks to queue
[2025-02-16T16:30:22.629+0000] {logging_mixin.py:188} INFO - [2025-02-16T16:30:22.629+0000] {dagbag.py:545} INFO - Filling up the DagBag from /opt/airflow/dags/nasa_pipeline_dag.py
[2025-02-16T16:30:23.034+0000] {processor.py:840} INFO - DAG(s) 'nasa_apod_pipeline' retrieved from /opt/airflow/dags/nasa_pipeline_dag.py
[2025-02-16T16:30:23.050+0000] {logging_mixin.py:188} INFO - [2025-02-16T16:30:23.049+0000] {dag.py:3096} INFO - Sync 1 DAGs
[2025-02-16T16:30:23.067+0000] {logging_mixin.py:188} INFO - [2025-02-16T16:30:23.067+0000] {dag.py:3954} INFO - Setting next_dagrun for nasa_apod_pipeline to 2025-02-16 12:00:00+00:00, run_after=2025-02-17 12:00:00+00:00
[2025-02-16T16:30:23.086+0000] {processor.py:183} INFO - Processing /opt/airflow/dags/nasa_pipeline_dag.py took 0.464 seconds
[2025-02-16T16:30:53.672+0000] {processor.py:161} INFO - Started process (PID=2479) to work on /opt/airflow/dags/nasa_pipeline_dag.py
[2025-02-16T16:30:53.673+0000] {processor.py:830} INFO - Processing file /opt/airflow/dags/nasa_pipeline_dag.py for tasks to queue
[2025-02-16T16:30:53.674+0000] {logging_mixin.py:188} INFO - [2025-02-16T16:30:53.673+0000] {dagbag.py:545} INFO - Filling up the DagBag from /opt/airflow/dags/nasa_pipeline_dag.py
[2025-02-16T16:30:54.113+0000] {processor.py:840} INFO - DAG(s) 'nasa_apod_pipeline' retrieved from /opt/airflow/dags/nasa_pipeline_dag.py
[2025-02-16T16:30:54.128+0000] {logging_mixin.py:188} INFO - [2025-02-16T16:30:54.128+0000] {dag.py:3096} INFO - Sync 1 DAGs
[2025-02-16T16:30:54.148+0000] {logging_mixin.py:188} INFO - [2025-02-16T16:30:54.147+0000] {dag.py:3954} INFO - Setting next_dagrun for nasa_apod_pipeline to 2025-02-16 12:00:00+00:00, run_after=2025-02-17 12:00:00+00:00
[2025-02-16T16:30:54.165+0000] {processor.py:183} INFO - Processing /opt/airflow/dags/nasa_pipeline_dag.py took 0.498 seconds
